<html>
<head>
<title>TestNG:  Test</title>
<link href="../testng.css" rel="stylesheet" type="text/css" />
<link href="../my-testng.css" rel="stylesheet" type="text/css" />

<style type="text/css">
.log { display: none;} 
.stack-trace { display: none;} 
</style>
<script type="text/javascript">
<!--
function flip(e) {
  current = e.style.display;
  if (current == 'block') {
    e.style.display = 'none';
    return 0;
  }
  else {
    e.style.display = 'block';
    return 1;
  }
}

function toggleBox(szDivId, elem, msg1, msg2)
{
  var res = -1;  if (document.getElementById) {
    res = flip(document.getElementById(szDivId));
  }
  else if (document.all) {
    // this is the way old msie versions work
    res = flip(document.all[szDivId]);
  }
  if(elem) {
    if(res == 0) elem.innerHTML = msg1; else elem.innerHTML = msg2;
  }

}

function toggleAllBoxes() {
  if (document.getElementsByTagName) {
    d = document.getElementsByTagName('div');
    for (i = 0; i < d.length; i++) {
      if (d[i].className == 'log') {
        flip(d[i]);
      }
    }
  }
}

// -->
</script>

</head>
<body>
<h2 align='center'>Test</h2><table border='1' align="center">
<tr>
<td>Tests passed/Failed/Skipped:</td><td>6/10/0</td>
</tr><tr>
<td>Started on:</td><td>Tue Jul 17 13:09:04 IST 2018</td>
</tr>
<tr><td>Total time:</td><td>103 seconds (103494 ms)</td>
</tr><tr>
<td>Included groups:</td><td></td>
</tr><tr>
<td>Excluded groups:</td><td></td>
</tr>
</table><p/>
<small><i>(Hover the method name to see the test class name)</i></small><p/>
<table width='100%' border='1' class='invocation-failed'>
<tr><td colspan='4' align='center'><b>FAILED TESTS</b></td></tr>
<tr><td><b>Test method</b></td>
<td width="30%"><b>Exception</b></td>
<td width="10%"><b>Time (seconds)</b></td>
<td><b>Instance</b></td>
</tr>
<tr>
<td title='com.cucumber.test.DemoQAChrome.after_confirming_click_on_Continue()'><b>after_confirming_click_on_Continue</b><br>Test class: com.cucumber.test.DemoQAChrome</td>
<td><div><pre>java.lang.NullPointerException
	at com.extentreport.ExtentReportsClass.endreport(ExtentReportsClass.java:54)
	at com.cucumber.test.DemoQAChrome.after_confirming_click_on_Continue(DemoQAChrome.java:166)
	at java.util.concurrent.ThreadPoolExecutor.runWorker(Unknown Source)
	at java.util.concurrent.ThreadPoolExecutor$Worker.run(Unknown Source)
	at java.lang.Thread.run(Unknown Source)
... Removed 10 stack frames</pre></div><a href='#' onClick='toggleBox("stack-trace341140721", this, "Click to show all stack frames", "Click to hide stack frames")'>Click to show all stack frames</a>
<div class='stack-trace' id='stack-trace341140721'><pre>java.lang.NullPointerException
	at com.extentreport.ExtentReportsClass.endreport(ExtentReportsClass.java:54)
	at com.cucumber.test.DemoQAChrome.after_confirming_click_on_Continue(DemoQAChrome.java:166)
	at sun.reflect.NativeMethodAccessorImpl.invoke0(Native Method)
	at sun.reflect.NativeMethodAccessorImpl.invoke(Unknown Source)
	at sun.reflect.DelegatingMethodAccessorImpl.invoke(Unknown Source)
	at java.lang.reflect.Method.invoke(Unknown Source)
	at org.testng.internal.MethodInvocationHelper.invokeMethod(MethodInvocationHelper.java:80)
	at org.testng.internal.Invoker.invokeMethod(Invoker.java:714)
	at org.testng.internal.Invoker.invokeTestMethod(Invoker.java:901)
	at org.testng.internal.Invoker.invokeTestMethods(Invoker.java:1231)
	at org.testng.internal.TestMethodWorker.invokeTestMethods(TestMethodWorker.java:127)
	at org.testng.internal.TestMethodWorker.run(TestMethodWorker.java:111)
	at java.util.concurrent.ThreadPoolExecutor.runWorker(Unknown Source)
	at java.util.concurrent.ThreadPoolExecutor$Worker.run(Unknown Source)
	at java.lang.Thread.run(Unknown Source)
</pre></div></td>
<td>1</td>
<td>com.cucumber.test.DemoQAChrome@6a024a67</td></tr>
<tr>
<td title='com.cucumber.test.DemoQAFireFox.after_confirming_click_on_Continue_button()'><b>after_confirming_click_on_Continue_button</b><br>Test class: com.cucumber.test.DemoQAFireFox</td>
<td><div><pre>org.openqa.selenium.ElementNotInteractableException: Element &lt;span&gt; could not be scrolled into view
Build info: version: &apos;3.8.1&apos;, revision: &apos;6e95a6684b&apos;, time: &apos;2017-12-01T18:33:54.468Z&apos;
System info: host: &apos;DESKTOP-EU7RG2N&apos;, ip: &apos;192.168.43.6&apos;, os.name: &apos;Windows 10&apos;, os.arch: &apos;amd64&apos;, os.version: &apos;10.0&apos;, java.version: &apos;1.8.0_131&apos;
Driver info: org.openqa.selenium.firefox.FirefoxDriver
Capabilities {acceptInsecureCerts: true, browserName: firefox, browserVersion: 61.0.1, javascriptEnabled: true, moz:accessibilityChecks: false, moz:headless: false, moz:processID: 6500, moz:profile: C:\Users\Divya\AppData\Loca..., moz:useNonSpecCompliantPointerOrigin: false, moz:webdriverClick: true, pageLoadStrategy: normal, platform: XP, platformName: XP, platformVersion: 10.0, rotatable: false, timeouts: {implicit: 0, pageLoad: 300000, script: 30000}}
Session ID: b24f5b32-1757-4af8-9c0b-f44480b84c8f
	at org.openqa.selenium.remote.http.W3CHttpResponseCodec.createException(W3CHttpResponseCodec.java:187)
	at org.openqa.selenium.remote.http.W3CHttpResponseCodec.decode(W3CHttpResponseCodec.java:122)
	at org.openqa.selenium.remote.http.W3CHttpResponseCodec.decode(W3CHttpResponseCodec.java:49)
	at org.openqa.selenium.remote.HttpCommandExecutor.execute(HttpCommandExecutor.java:164)
	at org.openqa.selenium.remote.service.DriverCommandExecutor.execute(DriverCommandExecutor.java:83)
	at org.openqa.selenium.remote.RemoteWebDriver.execute(RemoteWebDriver.java:601)
	at org.openqa.selenium.remote.RemoteWebElement.execute(RemoteWebElement.java:279)
	at org.openqa.selenium.remote.RemoteWebElement.click(RemoteWebElement.java:83)
	at com.cucumber.test.DemoQAFireFox.after_confirming_click_on_Continue_button(DemoQAFireFox.java:136)
	at java.util.concurrent.ThreadPoolExecutor.runWorker(Unknown Source)
	at java.util.concurrent.ThreadPoolExecutor$Worker.run(Unknown Source)
	at java.lang.Thread.run(Unknown Source)
... Removed 14 stack frames</pre></div><a href='#' onClick='toggleBox("stack-trace597383661", this, "Click to show all stack frames", "Click to hide stack frames")'>Click to show all stack frames</a>
<div class='stack-trace' id='stack-trace597383661'><pre>org.openqa.selenium.ElementNotInteractableException: Element &lt;span&gt; could not be scrolled into view
Build info: version: &apos;3.8.1&apos;, revision: &apos;6e95a6684b&apos;, time: &apos;2017-12-01T18:33:54.468Z&apos;
System info: host: &apos;DESKTOP-EU7RG2N&apos;, ip: &apos;192.168.43.6&apos;, os.name: &apos;Windows 10&apos;, os.arch: &apos;amd64&apos;, os.version: &apos;10.0&apos;, java.version: &apos;1.8.0_131&apos;
Driver info: org.openqa.selenium.firefox.FirefoxDriver
Capabilities {acceptInsecureCerts: true, browserName: firefox, browserVersion: 61.0.1, javascriptEnabled: true, moz:accessibilityChecks: false, moz:headless: false, moz:processID: 6500, moz:profile: C:\Users\Divya\AppData\Loca..., moz:useNonSpecCompliantPointerOrigin: false, moz:webdriverClick: true, pageLoadStrategy: normal, platform: XP, platformName: XP, platformVersion: 10.0, rotatable: false, timeouts: {implicit: 0, pageLoad: 300000, script: 30000}}
Session ID: b24f5b32-1757-4af8-9c0b-f44480b84c8f
	at sun.reflect.NativeConstructorAccessorImpl.newInstance0(Native Method)
	at sun.reflect.NativeConstructorAccessorImpl.newInstance(Unknown Source)
	at sun.reflect.DelegatingConstructorAccessorImpl.newInstance(Unknown Source)
	at java.lang.reflect.Constructor.newInstance(Unknown Source)
	at org.openqa.selenium.remote.http.W3CHttpResponseCodec.createException(W3CHttpResponseCodec.java:187)
	at org.openqa.selenium.remote.http.W3CHttpResponseCodec.decode(W3CHttpResponseCodec.java:122)
	at org.openqa.selenium.remote.http.W3CHttpResponseCodec.decode(W3CHttpResponseCodec.java:49)
	at org.openqa.selenium.remote.HttpCommandExecutor.execute(HttpCommandExecutor.java:164)
	at org.openqa.selenium.remote.service.DriverCommandExecutor.execute(DriverCommandExecutor.java:83)
	at org.openqa.selenium.remote.RemoteWebDriver.execute(RemoteWebDriver.java:601)
	at org.openqa.selenium.remote.RemoteWebElement.execute(RemoteWebElement.java:279)
	at org.openqa.selenium.remote.RemoteWebElement.click(RemoteWebElement.java:83)
	at com.cucumber.test.DemoQAFireFox.after_confirming_click_on_Continue_button(DemoQAFireFox.java:136)
	at sun.reflect.NativeMethodAccessorImpl.invoke0(Native Method)
	at sun.reflect.NativeMethodAccessorImpl.invoke(Unknown Source)
	at sun.reflect.DelegatingMethodAccessorImpl.invoke(Unknown Source)
	at java.lang.reflect.Method.invoke(Unknown Source)
	at org.testng.internal.MethodInvocationHelper.invokeMethod(MethodInvocationHelper.java:80)
	at org.testng.internal.Invoker.invokeMethod(Invoker.java:714)
	at org.testng.internal.Invoker.invokeTestMethod(Invoker.java:901)
	at org.testng.internal.Invoker.invokeTestMethods(Invoker.java:1231)
	at org.testng.internal.TestMethodWorker.invokeTestMethods(TestMethodWorker.java:127)
	at org.testng.internal.TestMethodWorker.run(TestMethodWorker.java:111)
	at java.util.concurrent.ThreadPoolExecutor.runWorker(Unknown Source)
	at java.util.concurrent.ThreadPoolExecutor$Worker.run(Unknown Source)
	at java.lang.Thread.run(Unknown Source)
</pre></div></td>
<td>14</td>
<td>com.cucumber.test.DemoQAFireFox@32d992b2</td></tr>
<tr>
<td title='com.cucumber.test.DemoQAChrome.chrome_only_validation()'><b>chrome_only_validation</b><br>Test class: com.cucumber.test.DemoQAChrome</td>
<td><div><pre>java.lang.NullPointerException
	at com.extentreport.ExtentReportsClass.endreport(ExtentReportsClass.java:54)
	at com.cucumber.test.DemoQAChrome.chrome_only_validation(DemoQAChrome.java:88)
	at java.util.concurrent.ThreadPoolExecutor.runWorker(Unknown Source)
	at java.util.concurrent.ThreadPoolExecutor$Worker.run(Unknown Source)
	at java.lang.Thread.run(Unknown Source)
... Removed 10 stack frames</pre></div><a href='#' onClick='toggleBox("stack-trace666998295", this, "Click to show all stack frames", "Click to hide stack frames")'>Click to show all stack frames</a>
<div class='stack-trace' id='stack-trace666998295'><pre>java.lang.NullPointerException
	at com.extentreport.ExtentReportsClass.endreport(ExtentReportsClass.java:54)
	at com.cucumber.test.DemoQAChrome.chrome_only_validation(DemoQAChrome.java:88)
	at sun.reflect.NativeMethodAccessorImpl.invoke0(Native Method)
	at sun.reflect.NativeMethodAccessorImpl.invoke(Unknown Source)
	at sun.reflect.DelegatingMethodAccessorImpl.invoke(Unknown Source)
	at java.lang.reflect.Method.invoke(Unknown Source)
	at org.testng.internal.MethodInvocationHelper.invokeMethod(MethodInvocationHelper.java:80)
	at org.testng.internal.Invoker.invokeMethod(Invoker.java:714)
	at org.testng.internal.Invoker.invokeTestMethod(Invoker.java:901)
	at org.testng.internal.Invoker.invokeTestMethods(Invoker.java:1231)
	at org.testng.internal.TestMethodWorker.invokeTestMethods(TestMethodWorker.java:127)
	at org.testng.internal.TestMethodWorker.run(TestMethodWorker.java:111)
	at java.util.concurrent.ThreadPoolExecutor.runWorker(Unknown Source)
	at java.util.concurrent.ThreadPoolExecutor$Worker.run(Unknown Source)
	at java.lang.Thread.run(Unknown Source)
</pre></div></td>
<td>22</td>
<td>com.cucumber.test.DemoQAChrome@6a024a67</td></tr>
<tr>
<td title='com.cucumber.test.DemoQAChrome.click_on_Add_to_Cart_for_just_Magic_Mouse()'><b>click_on_Add_to_Cart_for_just_Magic_Mouse</b><br>Test class: com.cucumber.test.DemoQAChrome</td>
<td><div><pre>java.lang.NullPointerException
	at com.extentreport.ExtentReportsClass.endreport(ExtentReportsClass.java:54)
	at com.cucumber.test.DemoQAChrome.click_on_Add_to_Cart_for_just_Magic_Mouse(DemoQAChrome.java:136)
	at java.util.concurrent.ThreadPoolExecutor.runWorker(Unknown Source)
	at java.util.concurrent.ThreadPoolExecutor$Worker.run(Unknown Source)
	at java.lang.Thread.run(Unknown Source)
... Removed 10 stack frames</pre></div><a href='#' onClick='toggleBox("stack-trace283118009", this, "Click to show all stack frames", "Click to hide stack frames")'>Click to show all stack frames</a>
<div class='stack-trace' id='stack-trace283118009'><pre>java.lang.NullPointerException
	at com.extentreport.ExtentReportsClass.endreport(ExtentReportsClass.java:54)
	at com.cucumber.test.DemoQAChrome.click_on_Add_to_Cart_for_just_Magic_Mouse(DemoQAChrome.java:136)
	at sun.reflect.NativeMethodAccessorImpl.invoke0(Native Method)
	at sun.reflect.NativeMethodAccessorImpl.invoke(Unknown Source)
	at sun.reflect.DelegatingMethodAccessorImpl.invoke(Unknown Source)
	at java.lang.reflect.Method.invoke(Unknown Source)
	at org.testng.internal.MethodInvocationHelper.invokeMethod(MethodInvocationHelper.java:80)
	at org.testng.internal.Invoker.invokeMethod(Invoker.java:714)
	at org.testng.internal.Invoker.invokeTestMethod(Invoker.java:901)
	at org.testng.internal.Invoker.invokeTestMethods(Invoker.java:1231)
	at org.testng.internal.TestMethodWorker.invokeTestMethods(TestMethodWorker.java:127)
	at org.testng.internal.TestMethodWorker.run(TestMethodWorker.java:111)
	at java.util.concurrent.ThreadPoolExecutor.runWorker(Unknown Source)
	at java.util.concurrent.ThreadPoolExecutor$Worker.run(Unknown Source)
	at java.lang.Thread.run(Unknown Source)
</pre></div></td>
<td>1</td>
<td>com.cucumber.test.DemoQAChrome@6a024a67</td></tr>
<tr>
<td title='com.cucumber.test.DemoQAChrome.click_on_Checkout_and_confirm_you_have_Magic_Mouse_in_your_Check_Out_Page()'><b>click_on_Checkout_and_confirm_you_have_Magic_Mouse_in_your_Check_Out_Page</b><br>Test class: com.cucumber.test.DemoQAChrome<br>Parameters: 1</td>
<td><div><pre>java.lang.NullPointerException
	at com.extentreport.ExtentReportsClass.endreport(ExtentReportsClass.java:54)
	at com.cucumber.test.DemoQAChrome.click_on_Checkout_and_confirm_you_have_Magic_Mouse_in_your_Check_Out_Page(DemoQAChrome.java:151)
	at java.util.concurrent.ThreadPoolExecutor.runWorker(Unknown Source)
	at java.util.concurrent.ThreadPoolExecutor$Worker.run(Unknown Source)
	at java.lang.Thread.run(Unknown Source)
... Removed 10 stack frames</pre></div><a href='#' onClick='toggleBox("stack-trace1895920997", this, "Click to show all stack frames", "Click to hide stack frames")'>Click to show all stack frames</a>
<div class='stack-trace' id='stack-trace1895920997'><pre>java.lang.NullPointerException
	at com.extentreport.ExtentReportsClass.endreport(ExtentReportsClass.java:54)
	at com.cucumber.test.DemoQAChrome.click_on_Checkout_and_confirm_you_have_Magic_Mouse_in_your_Check_Out_Page(DemoQAChrome.java:151)
	at sun.reflect.NativeMethodAccessorImpl.invoke0(Native Method)
	at sun.reflect.NativeMethodAccessorImpl.invoke(Unknown Source)
	at sun.reflect.DelegatingMethodAccessorImpl.invoke(Unknown Source)
	at java.lang.reflect.Method.invoke(Unknown Source)
	at org.testng.internal.MethodInvocationHelper.invokeMethod(MethodInvocationHelper.java:80)
	at org.testng.internal.Invoker.invokeMethod(Invoker.java:714)
	at org.testng.internal.Invoker.invokeTestMethod(Invoker.java:901)
	at org.testng.internal.Invoker.invokeTestMethods(Invoker.java:1231)
	at org.testng.internal.TestMethodWorker.invokeTestMethods(TestMethodWorker.java:127)
	at org.testng.internal.TestMethodWorker.run(TestMethodWorker.java:111)
	at java.util.concurrent.ThreadPoolExecutor.runWorker(Unknown Source)
	at java.util.concurrent.ThreadPoolExecutor$Worker.run(Unknown Source)
	at java.lang.Thread.run(Unknown Source)
</pre></div></td>
<td>0</td>
<td>com.cucumber.test.DemoQAChrome@6a024a67</td></tr>
<tr>
<td title='com.cucumber.test.DemoQAChrome.confirm_that_you_have_placed_the_Order_in_Transaction_Results_page()'><b>confirm_that_you_have_placed_the_Order_in_Transaction_Results_page</b><br>Test class: com.cucumber.test.DemoQAChrome</td>
<td><div><pre>java.lang.NullPointerException
	at com.extentreport.ExtentReportsClass.endreport(ExtentReportsClass.java:54)
	at com.cucumber.test.DemoQAChrome.confirm_that_you_have_placed_the_Order_in_Transaction_Results_page(DemoQAChrome.java:221)
	at java.util.concurrent.ThreadPoolExecutor.runWorker(Unknown Source)
	at java.util.concurrent.ThreadPoolExecutor$Worker.run(Unknown Source)
	at java.lang.Thread.run(Unknown Source)
... Removed 10 stack frames</pre></div><a href='#' onClick='toggleBox("stack-trace473477128", this, "Click to show all stack frames", "Click to hide stack frames")'>Click to show all stack frames</a>
<div class='stack-trace' id='stack-trace473477128'><pre>java.lang.NullPointerException
	at com.extentreport.ExtentReportsClass.endreport(ExtentReportsClass.java:54)
	at com.cucumber.test.DemoQAChrome.confirm_that_you_have_placed_the_Order_in_Transaction_Results_page(DemoQAChrome.java:221)
	at sun.reflect.NativeMethodAccessorImpl.invoke0(Native Method)
	at sun.reflect.NativeMethodAccessorImpl.invoke(Unknown Source)
	at sun.reflect.DelegatingMethodAccessorImpl.invoke(Unknown Source)
	at java.lang.reflect.Method.invoke(Unknown Source)
	at org.testng.internal.MethodInvocationHelper.invokeMethod(MethodInvocationHelper.java:80)
	at org.testng.internal.Invoker.invokeMethod(Invoker.java:714)
	at org.testng.internal.Invoker.invokeTestMethod(Invoker.java:901)
	at org.testng.internal.Invoker.invokeTestMethods(Invoker.java:1231)
	at org.testng.internal.TestMethodWorker.invokeTestMethods(TestMethodWorker.java:127)
	at org.testng.internal.TestMethodWorker.run(TestMethodWorker.java:111)
	at java.util.concurrent.ThreadPoolExecutor.runWorker(Unknown Source)
	at java.util.concurrent.ThreadPoolExecutor$Worker.run(Unknown Source)
	at java.lang.Thread.run(Unknown Source)
</pre></div></td>
<td>0</td>
<td>com.cucumber.test.DemoQAChrome@6a024a67</td></tr>
<tr>
<td title='com.cucumber.test.DemoQAFireFox.enter_dummy_data_needed_for_email_billing_or_contact_details_and_click_Purchase()'><b>enter_dummy_data_needed_for_email_billing_or_contact_details_and_click_Purchase</b><br>Test class: com.cucumber.test.DemoQAFireFox</td>
<td><div><pre>org.openqa.selenium.ElementNotInteractableException: Element &lt;input id=&quot;wpsc_checkout_form_2&quot; class=&quot;text wpsc-visitor-meta&quot; name=&quot;collected_data[2]&quot; type=&quot;text&quot;&gt; could not be scrolled into view
Build info: version: &apos;3.8.1&apos;, revision: &apos;6e95a6684b&apos;, time: &apos;2017-12-01T18:33:54.468Z&apos;
System info: host: &apos;DESKTOP-EU7RG2N&apos;, ip: &apos;192.168.43.6&apos;, os.name: &apos;Windows 10&apos;, os.arch: &apos;amd64&apos;, os.version: &apos;10.0&apos;, java.version: &apos;1.8.0_131&apos;
Driver info: org.openqa.selenium.firefox.FirefoxDriver
Capabilities {acceptInsecureCerts: true, browserName: firefox, browserVersion: 61.0.1, javascriptEnabled: true, moz:accessibilityChecks: false, moz:headless: false, moz:processID: 6500, moz:profile: C:\Users\Divya\AppData\Loca..., moz:useNonSpecCompliantPointerOrigin: false, moz:webdriverClick: true, pageLoadStrategy: normal, platform: XP, platformName: XP, platformVersion: 10.0, rotatable: false, timeouts: {implicit: 0, pageLoad: 300000, script: 30000}}
Session ID: b24f5b32-1757-4af8-9c0b-f44480b84c8f
	at org.openqa.selenium.remote.http.W3CHttpResponseCodec.createException(W3CHttpResponseCodec.java:187)
	at org.openqa.selenium.remote.http.W3CHttpResponseCodec.decode(W3CHttpResponseCodec.java:122)
	at org.openqa.selenium.remote.http.W3CHttpResponseCodec.decode(W3CHttpResponseCodec.java:49)
	at org.openqa.selenium.remote.HttpCommandExecutor.execute(HttpCommandExecutor.java:164)
	at org.openqa.selenium.remote.service.DriverCommandExecutor.execute(DriverCommandExecutor.java:83)
	at org.openqa.selenium.remote.RemoteWebDriver.execute(RemoteWebDriver.java:601)
	at org.openqa.selenium.remote.RemoteWebElement.execute(RemoteWebElement.java:279)
	at org.openqa.selenium.remote.RemoteWebElement.clear(RemoteWebElement.java:118)
	at com.cucumber.test.DemoQAFireFox.enter_dummy_data_needed_for_email_billing_or_contact_details_and_click_Purchase(DemoQAFireFox.java:160)
	at java.util.concurrent.ThreadPoolExecutor.runWorker(Unknown Source)
	at java.util.concurrent.ThreadPoolExecutor$Worker.run(Unknown Source)
	at java.lang.Thread.run(Unknown Source)
... Removed 14 stack frames</pre></div><a href='#' onClick='toggleBox("stack-trace2103590601", this, "Click to show all stack frames", "Click to hide stack frames")'>Click to show all stack frames</a>
<div class='stack-trace' id='stack-trace2103590601'><pre>org.openqa.selenium.ElementNotInteractableException: Element &lt;input id=&quot;wpsc_checkout_form_2&quot; class=&quot;text wpsc-visitor-meta&quot; name=&quot;collected_data[2]&quot; type=&quot;text&quot;&gt; could not be scrolled into view
Build info: version: &apos;3.8.1&apos;, revision: &apos;6e95a6684b&apos;, time: &apos;2017-12-01T18:33:54.468Z&apos;
System info: host: &apos;DESKTOP-EU7RG2N&apos;, ip: &apos;192.168.43.6&apos;, os.name: &apos;Windows 10&apos;, os.arch: &apos;amd64&apos;, os.version: &apos;10.0&apos;, java.version: &apos;1.8.0_131&apos;
Driver info: org.openqa.selenium.firefox.FirefoxDriver
Capabilities {acceptInsecureCerts: true, browserName: firefox, browserVersion: 61.0.1, javascriptEnabled: true, moz:accessibilityChecks: false, moz:headless: false, moz:processID: 6500, moz:profile: C:\Users\Divya\AppData\Loca..., moz:useNonSpecCompliantPointerOrigin: false, moz:webdriverClick: true, pageLoadStrategy: normal, platform: XP, platformName: XP, platformVersion: 10.0, rotatable: false, timeouts: {implicit: 0, pageLoad: 300000, script: 30000}}
Session ID: b24f5b32-1757-4af8-9c0b-f44480b84c8f
	at sun.reflect.NativeConstructorAccessorImpl.newInstance0(Native Method)
	at sun.reflect.NativeConstructorAccessorImpl.newInstance(Unknown Source)
	at sun.reflect.DelegatingConstructorAccessorImpl.newInstance(Unknown Source)
	at java.lang.reflect.Constructor.newInstance(Unknown Source)
	at org.openqa.selenium.remote.http.W3CHttpResponseCodec.createException(W3CHttpResponseCodec.java:187)
	at org.openqa.selenium.remote.http.W3CHttpResponseCodec.decode(W3CHttpResponseCodec.java:122)
	at org.openqa.selenium.remote.http.W3CHttpResponseCodec.decode(W3CHttpResponseCodec.java:49)
	at org.openqa.selenium.remote.HttpCommandExecutor.execute(HttpCommandExecutor.java:164)
	at org.openqa.selenium.remote.service.DriverCommandExecutor.execute(DriverCommandExecutor.java:83)
	at org.openqa.selenium.remote.RemoteWebDriver.execute(RemoteWebDriver.java:601)
	at org.openqa.selenium.remote.RemoteWebElement.execute(RemoteWebElement.java:279)
	at org.openqa.selenium.remote.RemoteWebElement.clear(RemoteWebElement.java:118)
	at com.cucumber.test.DemoQAFireFox.enter_dummy_data_needed_for_email_billing_or_contact_details_and_click_Purchase(DemoQAFireFox.java:160)
	at sun.reflect.NativeMethodAccessorImpl.invoke0(Native Method)
	at sun.reflect.NativeMethodAccessorImpl.invoke(Unknown Source)
	at sun.reflect.DelegatingMethodAccessorImpl.invoke(Unknown Source)
	at java.lang.reflect.Method.invoke(Unknown Source)
	at org.testng.internal.MethodInvocationHelper.invokeMethod(MethodInvocationHelper.java:80)
	at org.testng.internal.Invoker.invokeMethod(Invoker.java:714)
	at org.testng.internal.Invoker.invokeTestMethod(Invoker.java:901)
	at org.testng.internal.Invoker.invokeTestMethods(Invoker.java:1231)
	at org.testng.internal.TestMethodWorker.invokeTestMethods(TestMethodWorker.java:127)
	at org.testng.internal.TestMethodWorker.run(TestMethodWorker.java:111)
	at java.util.concurrent.ThreadPoolExecutor.runWorker(Unknown Source)
	at java.util.concurrent.ThreadPoolExecutor$Worker.run(Unknown Source)
	at java.lang.Thread.run(Unknown Source)
</pre></div></td>
<td>1</td>
<td>com.cucumber.test.DemoQAFireFox@32d992b2</td></tr>
<tr>
<td title='com.cucumber.test.DemoQAChrome.enter_test_data_needed_for_email_billing_or_contact_details_and_click_Purchase()'><b>enter_test_data_needed_for_email_billing_or_contact_details_and_click_Purchase</b><br>Test class: com.cucumber.test.DemoQAChrome</td>
<td><div><pre>java.lang.NullPointerException
	at com.extentreport.ExtentReportsClass.endreport(ExtentReportsClass.java:54)
	at com.cucumber.test.DemoQAChrome.enter_test_data_needed_for_email_billing_or_contact_details_and_click_Purchase(DemoQAChrome.java:207)
	at java.util.concurrent.ThreadPoolExecutor.runWorker(Unknown Source)
	at java.util.concurrent.ThreadPoolExecutor$Worker.run(Unknown Source)
	at java.lang.Thread.run(Unknown Source)
... Removed 10 stack frames</pre></div><a href='#' onClick='toggleBox("stack-trace2050962082", this, "Click to show all stack frames", "Click to hide stack frames")'>Click to show all stack frames</a>
<div class='stack-trace' id='stack-trace2050962082'><pre>java.lang.NullPointerException
	at com.extentreport.ExtentReportsClass.endreport(ExtentReportsClass.java:54)
	at com.cucumber.test.DemoQAChrome.enter_test_data_needed_for_email_billing_or_contact_details_and_click_Purchase(DemoQAChrome.java:207)
	at sun.reflect.NativeMethodAccessorImpl.invoke0(Native Method)
	at sun.reflect.NativeMethodAccessorImpl.invoke(Unknown Source)
	at sun.reflect.DelegatingMethodAccessorImpl.invoke(Unknown Source)
	at java.lang.reflect.Method.invoke(Unknown Source)
	at org.testng.internal.MethodInvocationHelper.invokeMethod(MethodInvocationHelper.java:80)
	at org.testng.internal.Invoker.invokeMethod(Invoker.java:714)
	at org.testng.internal.Invoker.invokeTestMethod(Invoker.java:901)
	at org.testng.internal.Invoker.invokeTestMethods(Invoker.java:1231)
	at org.testng.internal.TestMethodWorker.invokeTestMethods(TestMethodWorker.java:127)
	at org.testng.internal.TestMethodWorker.run(TestMethodWorker.java:111)
	at java.util.concurrent.ThreadPoolExecutor.runWorker(Unknown Source)
	at java.util.concurrent.ThreadPoolExecutor$Worker.run(Unknown Source)
	at java.lang.Thread.run(Unknown Source)
</pre></div></td>
<td>16</td>
<td>com.cucumber.test.DemoQAChrome@6a024a67</td></tr>
<tr>
<td title='com.cucumber.test.DemoQAChrome.go_to_Product_category_and_select_Accessories()'><b>go_to_Product_category_and_select_Accessories</b><br>Test class: com.cucumber.test.DemoQAChrome</td>
<td><div><pre>java.lang.NullPointerException
	at com.extentreport.ExtentReportsClass.endreport(ExtentReportsClass.java:54)
	at com.cucumber.test.DemoQAChrome.go_to_Product_category_and_select_Accessories(DemoQAChrome.java:121)
	at java.util.concurrent.ThreadPoolExecutor.runWorker(Unknown Source)
	at java.util.concurrent.ThreadPoolExecutor$Worker.run(Unknown Source)
	at java.lang.Thread.run(Unknown Source)
... Removed 10 stack frames</pre></div><a href='#' onClick='toggleBox("stack-trace185738996", this, "Click to show all stack frames", "Click to hide stack frames")'>Click to show all stack frames</a>
<div class='stack-trace' id='stack-trace185738996'><pre>java.lang.NullPointerException
	at com.extentreport.ExtentReportsClass.endreport(ExtentReportsClass.java:54)
	at com.cucumber.test.DemoQAChrome.go_to_Product_category_and_select_Accessories(DemoQAChrome.java:121)
	at sun.reflect.NativeMethodAccessorImpl.invoke0(Native Method)
	at sun.reflect.NativeMethodAccessorImpl.invoke(Unknown Source)
	at sun.reflect.DelegatingMethodAccessorImpl.invoke(Unknown Source)
	at java.lang.reflect.Method.invoke(Unknown Source)
	at org.testng.internal.MethodInvocationHelper.invokeMethod(MethodInvocationHelper.java:80)
	at org.testng.internal.Invoker.invokeMethod(Invoker.java:714)
	at org.testng.internal.Invoker.invokeTestMethod(Invoker.java:901)
	at org.testng.internal.Invoker.invokeTestMethods(Invoker.java:1231)
	at org.testng.internal.TestMethodWorker.invokeTestMethods(TestMethodWorker.java:127)
	at org.testng.internal.TestMethodWorker.run(TestMethodWorker.java:111)
	at java.util.concurrent.ThreadPoolExecutor.runWorker(Unknown Source)
	at java.util.concurrent.ThreadPoolExecutor$Worker.run(Unknown Source)
	at java.lang.Thread.run(Unknown Source)
</pre></div></td>
<td>0</td>
<td>com.cucumber.test.DemoQAChrome@6a024a67</td></tr>
<tr>
<td title='com.cucumber.test.DemoQAChrome.go_to_http_store_demoqa_com()'><b>go_to_http_store_demoqa_com</b><br>Test class: com.cucumber.test.DemoQAChrome</td>
<td><div><pre>java.lang.NullPointerException
	at com.extentreport.ExtentReportsClass.endreport(ExtentReportsClass.java:54)
	at com.cucumber.test.DemoQAChrome.go_to_http_store_demoqa_com(DemoQAChrome.java:104)
	at java.util.concurrent.ThreadPoolExecutor.runWorker(Unknown Source)
	at java.util.concurrent.ThreadPoolExecutor$Worker.run(Unknown Source)
	at java.lang.Thread.run(Unknown Source)
... Removed 10 stack frames</pre></div><a href='#' onClick='toggleBox("stack-trace673912831", this, "Click to show all stack frames", "Click to hide stack frames")'>Click to show all stack frames</a>
<div class='stack-trace' id='stack-trace673912831'><pre>java.lang.NullPointerException
	at com.extentreport.ExtentReportsClass.endreport(ExtentReportsClass.java:54)
	at com.cucumber.test.DemoQAChrome.go_to_http_store_demoqa_com(DemoQAChrome.java:104)
	at sun.reflect.NativeMethodAccessorImpl.invoke0(Native Method)
	at sun.reflect.NativeMethodAccessorImpl.invoke(Unknown Source)
	at sun.reflect.DelegatingMethodAccessorImpl.invoke(Unknown Source)
	at java.lang.reflect.Method.invoke(Unknown Source)
	at org.testng.internal.MethodInvocationHelper.invokeMethod(MethodInvocationHelper.java:80)
	at org.testng.internal.Invoker.invokeMethod(Invoker.java:714)
	at org.testng.internal.Invoker.invokeTestMethod(Invoker.java:901)
	at org.testng.internal.Invoker.invokeTestMethods(Invoker.java:1231)
	at org.testng.internal.TestMethodWorker.invokeTestMethods(TestMethodWorker.java:127)
	at org.testng.internal.TestMethodWorker.run(TestMethodWorker.java:111)
	at java.util.concurrent.ThreadPoolExecutor.runWorker(Unknown Source)
	at java.util.concurrent.ThreadPoolExecutor$Worker.run(Unknown Source)
	at java.lang.Thread.run(Unknown Source)
</pre></div></td>
<td>0</td>
<td>com.cucumber.test.DemoQAChrome@6a024a67</td></tr>
</table><p>
<table width='100%' border='1' class='invocation-passed'>
<tr><td colspan='4' align='center'><b>PASSED TESTS</b></td></tr>
<tr><td><b>Test method</b></td>
<td width="30%"><b>Exception</b></td>
<td width="10%"><b>Time (seconds)</b></td>
<td><b>Instance</b></td>
</tr>
<tr>
<td title='com.cucumber.test.DemoQAFireFox.click_on_Add_to_Cart_button_for_just_Magic_Mouse()'><b>click_on_Add_to_Cart_button_for_just_Magic_Mouse</b><br>Test class: com.cucumber.test.DemoQAFireFox</td>
<td></td>
<td>3</td>
<td>com.cucumber.test.DemoQAFireFox@32d992b2</td></tr>
<tr>
<td title='com.cucumber.test.DemoQAFireFox.click_on_Checkout_link_and_confirm_you_have_Magic_Mouse_in_your_Check_Out_Page()'><b>click_on_Checkout_link_and_confirm_you_have_Magic_Mouse_in_your_Check_Out_Page</b><br>Test class: com.cucumber.test.DemoQAFireFox<br>Parameters: 1</td>
<td></td>
<td>5</td>
<td>com.cucumber.test.DemoQAFireFox@32d992b2</td></tr>
<tr>
<td title='com.cucumber.test.DemoQAFireFox.confirm_that_you_have_placed_the_Order_in_Transaction_Result_page()'><b>confirm_that_you_have_placed_the_Order_in_Transaction_Result_page</b><br>Test class: com.cucumber.test.DemoQAFireFox</td>
<td></td>
<td>1</td>
<td>com.cucumber.test.DemoQAFireFox@32d992b2</td></tr>
<tr>
<td title='com.cucumber.test.DemoQAFireFox.firefox_browser_only_validation()'><b>firefox_browser_only_validation</b><br>Test class: com.cucumber.test.DemoQAFireFox</td>
<td></td>
<td>52</td>
<td>com.cucumber.test.DemoQAFireFox@32d992b2</td></tr>
<tr>
<td title='com.cucumber.test.DemoQAFireFox.navigate_to_Product_category_and_select_Accessories()'><b>navigate_to_Product_category_and_select_Accessories</b><br>Test class: com.cucumber.test.DemoQAFireFox</td>
<td></td>
<td>5</td>
<td>com.cucumber.test.DemoQAFireFox@32d992b2</td></tr>
<tr>
<td title='com.cucumber.test.DemoQAFireFox.navigate_to_http_store_demoqa_com()'><b>navigate_to_http_store_demoqa_com</b><br>Test class: com.cucumber.test.DemoQAFireFox</td>
<td></td>
<td>19</td>
<td>com.cucumber.test.DemoQAFireFox@32d992b2</td></tr>
</table><p>
</body>
</html>