<?xml version="1.0" encoding="UTF-8"?>
<!-- Generated by org.testng.reporters.JUnitXMLReporter -->
<testsuite hostname="DESKTOP-EU7RG2N" name="Test" tests="16" failures="10" timestamp="17 Jul 2018 07:40:48 GMT" time="103.494" errors="0">
  <testcase name="chrome_only_validation" time="22.668" classname="com.cucumber.test.DemoQAChrome">
    <failure type="java.lang.NullPointerException">
      <![CDATA[java.lang.NullPointerException
	at com.extentreport.ExtentReportsClass.endreport(ExtentReportsClass.java:54)
	at com.cucumber.test.DemoQAChrome.chrome_only_validation(DemoQAChrome.java:88)
	at java.util.concurrent.ThreadPoolExecutor.runWorker(Unknown Source)
	at java.util.concurrent.ThreadPoolExecutor$Worker.run(Unknown Source)
	at java.lang.Thread.run(Unknown Source)
... Removed 10 stack frames]]>
    </failure>
  </testcase> <!-- chrome_only_validation -->
  <testcase name="go_to_http_store_demoqa_com" time="0.002" classname="com.cucumber.test.DemoQAChrome">
    <failure type="java.lang.NullPointerException">
      <![CDATA[java.lang.NullPointerException
	at com.extentreport.ExtentReportsClass.endreport(ExtentReportsClass.java:54)
	at com.cucumber.test.DemoQAChrome.go_to_http_store_demoqa_com(DemoQAChrome.java:104)
	at java.util.concurrent.ThreadPoolExecutor.runWorker(Unknown Source)
	at java.util.concurrent.ThreadPoolExecutor$Worker.run(Unknown Source)
	at java.lang.Thread.run(Unknown Source)
... Removed 10 stack frames]]>
    </failure>
  </testcase> <!-- go_to_http_store_demoqa_com -->
  <testcase name="go_to_Product_category_and_select_Accessories" time="0.018" classname="com.cucumber.test.DemoQAChrome">
    <failure type="java.lang.NullPointerException">
      <![CDATA[java.lang.NullPointerException
	at com.extentreport.ExtentReportsClass.endreport(ExtentReportsClass.java:54)
	at com.cucumber.test.DemoQAChrome.go_to_Product_category_and_select_Accessories(DemoQAChrome.java:121)
	at java.util.concurrent.ThreadPoolExecutor.runWorker(Unknown Source)
	at java.util.concurrent.ThreadPoolExecutor$Worker.run(Unknown Source)
	at java.lang.Thread.run(Unknown Source)
... Removed 10 stack frames]]>
    </failure>
  </testcase> <!-- go_to_Product_category_and_select_Accessories -->
  <testcase name="click_on_Add_to_Cart_for_just_Magic_Mouse" time="1.001" classname="com.cucumber.test.DemoQAChrome">
    <failure type="java.lang.NullPointerException">
      <![CDATA[java.lang.NullPointerException
	at com.extentreport.ExtentReportsClass.endreport(ExtentReportsClass.java:54)
	at com.cucumber.test.DemoQAChrome.click_on_Add_to_Cart_for_just_Magic_Mouse(DemoQAChrome.java:136)
	at java.util.concurrent.ThreadPoolExecutor.runWorker(Unknown Source)
	at java.util.concurrent.ThreadPoolExecutor$Worker.run(Unknown Source)
	at java.lang.Thread.run(Unknown Source)
... Removed 10 stack frames]]>
    </failure>
  </testcase> <!-- click_on_Add_to_Cart_for_just_Magic_Mouse -->
  <testcase name="click_on_Checkout_and_confirm_you_have_Magic_Mouse_in_your_Check_Out_Page" time="0.002" classname="com.cucumber.test.DemoQAChrome">
    <failure type="java.lang.NullPointerException">
      <![CDATA[java.lang.NullPointerException
	at com.extentreport.ExtentReportsClass.endreport(ExtentReportsClass.java:54)
	at com.cucumber.test.DemoQAChrome.click_on_Checkout_and_confirm_you_have_Magic_Mouse_in_your_Check_Out_Page(DemoQAChrome.java:151)
	at java.util.concurrent.ThreadPoolExecutor.runWorker(Unknown Source)
	at java.util.concurrent.ThreadPoolExecutor$Worker.run(Unknown Source)
	at java.lang.Thread.run(Unknown Source)
... Removed 10 stack frames]]>
    </failure>
  </testcase> <!-- click_on_Checkout_and_confirm_you_have_Magic_Mouse_in_your_Check_Out_Page -->
  <testcase name="after_confirming_click_on_Continue" time="1.003" classname="com.cucumber.test.DemoQAChrome">
    <failure type="java.lang.NullPointerException">
      <![CDATA[java.lang.NullPointerException
	at com.extentreport.ExtentReportsClass.endreport(ExtentReportsClass.java:54)
	at com.cucumber.test.DemoQAChrome.after_confirming_click_on_Continue(DemoQAChrome.java:166)
	at java.util.concurrent.ThreadPoolExecutor.runWorker(Unknown Source)
	at java.util.concurrent.ThreadPoolExecutor$Worker.run(Unknown Source)
	at java.lang.Thread.run(Unknown Source)
... Removed 10 stack frames]]>
    </failure>
  </testcase> <!-- after_confirming_click_on_Continue -->
  <testcase name="enter_test_data_needed_for_email_billing_or_contact_details_and_click_Purchase" time="16.047" classname="com.cucumber.test.DemoQAChrome">
    <failure type="java.lang.NullPointerException">
      <![CDATA[java.lang.NullPointerException
	at com.extentreport.ExtentReportsClass.endreport(ExtentReportsClass.java:54)
	at com.cucumber.test.DemoQAChrome.enter_test_data_needed_for_email_billing_or_contact_details_and_click_Purchase(DemoQAChrome.java:207)
	at java.util.concurrent.ThreadPoolExecutor.runWorker(Unknown Source)
	at java.util.concurrent.ThreadPoolExecutor$Worker.run(Unknown Source)
	at java.lang.Thread.run(Unknown Source)
... Removed 10 stack frames]]>
    </failure>
  </testcase> <!-- enter_test_data_needed_for_email_billing_or_contact_details_and_click_Purchase -->
  <testcase name="confirm_that_you_have_placed_the_Order_in_Transaction_Results_page" time="0.002" classname="com.cucumber.test.DemoQAChrome">
    <failure type="java.lang.NullPointerException">
      <![CDATA[java.lang.NullPointerException
	at com.extentreport.ExtentReportsClass.endreport(ExtentReportsClass.java:54)
	at com.cucumber.test.DemoQAChrome.confirm_that_you_have_placed_the_Order_in_Transaction_Results_page(DemoQAChrome.java:221)
	at java.util.concurrent.ThreadPoolExecutor.runWorker(Unknown Source)
	at java.util.concurrent.ThreadPoolExecutor$Worker.run(Unknown Source)
	at java.lang.Thread.run(Unknown Source)
... Removed 10 stack frames]]>
    </failure>
  </testcase> <!-- confirm_that_you_have_placed_the_Order_in_Transaction_Results_page -->
  <testcase name="firefox_browser_only_validation" time="52.879" classname="com.cucumber.test.DemoQAFireFox"/>
  <testcase name="navigate_to_http_store_demoqa_com" time="19.579" classname="com.cucumber.test.DemoQAFireFox"/>
  <testcase name="navigate_to_Product_category_and_select_Accessories" time="5.565" classname="com.cucumber.test.DemoQAFireFox"/>
  <testcase name="click_on_Add_to_Cart_button_for_just_Magic_Mouse" time="3.167" classname="com.cucumber.test.DemoQAFireFox"/>
  <testcase name="click_on_Checkout_link_and_confirm_you_have_Magic_Mouse_in_your_Check_Out_Page" time="5.283" classname="com.cucumber.test.DemoQAFireFox"/>
  <testcase name="after_confirming_click_on_Continue_button" time="14.007" classname="com.cucumber.test.DemoQAFireFox">
    <failure type="org.openqa.selenium.ElementNotInteractableException" message="Element &amp;lt;span&amp;gt; could not be scrolled into view
Build info: version: &amp;apos;3.8.1&amp;apos;, revision: &amp;apos;6e95a6684b&amp;apos;, time: &amp;apos;2017-12-01T18:33:54.468Z&amp;apos;
System info: host: &amp;apos;DESKTOP-EU7RG2N&amp;apos;, ip: &amp;apos;192.168.43.6&amp;apos;, os.name: &amp;apos;Windows 10&amp;apos;, os.arch: &amp;apos;amd64&amp;apos;, os.version: &amp;apos;10.0&amp;apos;, java.version: &amp;apos;1.8.0_131&amp;apos;
Driver info: org.openqa.selenium.firefox.FirefoxDriver
Capabilities {acceptInsecureCerts: true, browserName: firefox, browserVersion: 61.0.1, javascriptEnabled: true, moz:accessibilityChecks: false, moz:headless: false, moz:processID: 6500, moz:profile: C:\Users\Divya\AppData\Loca..., moz:useNonSpecCompliantPointerOrigin: false, moz:webdriverClick: true, pageLoadStrategy: normal, platform: XP, platformName: XP, platformVersion: 10.0, rotatable: false, timeouts: {implicit: 0, pageLoad: 300000, script: 30000}}
Session ID: b24f5b32-1757-4af8-9c0b-f44480b84c8f">
      <![CDATA[org.openqa.selenium.ElementNotInteractableException: Element <span> could not be scrolled into view
Build info: version: '3.8.1', revision: '6e95a6684b', time: '2017-12-01T18:33:54.468Z'
System info: host: 'DESKTOP-EU7RG2N', ip: '192.168.43.6', os.name: 'Windows 10', os.arch: 'amd64', os.version: '10.0', java.version: '1.8.0_131'
Driver info: org.openqa.selenium.firefox.FirefoxDriver
Capabilities {acceptInsecureCerts: true, browserName: firefox, browserVersion: 61.0.1, javascriptEnabled: true, moz:accessibilityChecks: false, moz:headless: false, moz:processID: 6500, moz:profile: C:\Users\Divya\AppData\Loca..., moz:useNonSpecCompliantPointerOrigin: false, moz:webdriverClick: true, pageLoadStrategy: normal, platform: XP, platformName: XP, platformVersion: 10.0, rotatable: false, timeouts: {implicit: 0, pageLoad: 300000, script: 30000}}
Session ID: b24f5b32-1757-4af8-9c0b-f44480b84c8f
	at org.openqa.selenium.remote.http.W3CHttpResponseCodec.createException(W3CHttpResponseCodec.java:187)
	at org.openqa.selenium.remote.http.W3CHttpResponseCodec.decode(W3CHttpResponseCodec.java:122)
	at org.openqa.selenium.remote.http.W3CHttpResponseCodec.decode(W3CHttpResponseCodec.java:49)
	at org.openqa.selenium.remote.HttpCommandExecutor.execute(HttpCommandExecutor.java:164)
	at org.openqa.selenium.remote.service.DriverCommandExecutor.execute(DriverCommandExecutor.java:83)
	at org.openqa.selenium.remote.RemoteWebDriver.execute(RemoteWebDriver.java:601)
	at org.openqa.selenium.remote.RemoteWebElement.execute(RemoteWebElement.java:279)
	at org.openqa.selenium.remote.RemoteWebElement.click(RemoteWebElement.java:83)
	at com.cucumber.test.DemoQAFireFox.after_confirming_click_on_Continue_button(DemoQAFireFox.java:136)
	at java.util.concurrent.ThreadPoolExecutor.runWorker(Unknown Source)
	at java.util.concurrent.ThreadPoolExecutor$Worker.run(Unknown Source)
	at java.lang.Thread.run(Unknown Source)
... Removed 14 stack frames]]>
    </failure>
  </testcase> <!-- after_confirming_click_on_Continue_button -->
  <testcase name="enter_dummy_data_needed_for_email_billing_or_contact_details_and_click_Purchase" time="1.341" classname="com.cucumber.test.DemoQAFireFox">
    <failure type="org.openqa.selenium.ElementNotInteractableException" message="Element &amp;lt;input id=&amp;quot;wpsc_checkout_form_2&amp;quot; class=&amp;quot;text wpsc-visitor-meta&amp;quot; name=&amp;quot;collected_data[2]&amp;quot; type=&amp;quot;text&amp;quot;&amp;gt; could not be scrolled into view
Build info: version: &amp;apos;3.8.1&amp;apos;, revision: &amp;apos;6e95a6684b&amp;apos;, time: &amp;apos;2017-12-01T18:33:54.468Z&amp;apos;
System info: host: &amp;apos;DESKTOP-EU7RG2N&amp;apos;, ip: &amp;apos;192.168.43.6&amp;apos;, os.name: &amp;apos;Windows 10&amp;apos;, os.arch: &amp;apos;amd64&amp;apos;, os.version: &amp;apos;10.0&amp;apos;, java.version: &amp;apos;1.8.0_131&amp;apos;
Driver info: org.openqa.selenium.firefox.FirefoxDriver
Capabilities {acceptInsecureCerts: true, browserName: firefox, browserVersion: 61.0.1, javascriptEnabled: true, moz:accessibilityChecks: false, moz:headless: false, moz:processID: 6500, moz:profile: C:\Users\Divya\AppData\Loca..., moz:useNonSpecCompliantPointerOrigin: false, moz:webdriverClick: true, pageLoadStrategy: normal, platform: XP, platformName: XP, platformVersion: 10.0, rotatable: false, timeouts: {implicit: 0, pageLoad: 300000, script: 30000}}
Session ID: b24f5b32-1757-4af8-9c0b-f44480b84c8f">
      <![CDATA[org.openqa.selenium.ElementNotInteractableException: Element <input id="wpsc_checkout_form_2" class="text wpsc-visitor-meta" name="collected_data[2]" type="text"> could not be scrolled into view
Build info: version: '3.8.1', revision: '6e95a6684b', time: '2017-12-01T18:33:54.468Z'
System info: host: 'DESKTOP-EU7RG2N', ip: '192.168.43.6', os.name: 'Windows 10', os.arch: 'amd64', os.version: '10.0', java.version: '1.8.0_131'
Driver info: org.openqa.selenium.firefox.FirefoxDriver
Capabilities {acceptInsecureCerts: true, browserName: firefox, browserVersion: 61.0.1, javascriptEnabled: true, moz:accessibilityChecks: false, moz:headless: false, moz:processID: 6500, moz:profile: C:\Users\Divya\AppData\Loca..., moz:useNonSpecCompliantPointerOrigin: false, moz:webdriverClick: true, pageLoadStrategy: normal, platform: XP, platformName: XP, platformVersion: 10.0, rotatable: false, timeouts: {implicit: 0, pageLoad: 300000, script: 30000}}
Session ID: b24f5b32-1757-4af8-9c0b-f44480b84c8f
	at org.openqa.selenium.remote.http.W3CHttpResponseCodec.createException(W3CHttpResponseCodec.java:187)
	at org.openqa.selenium.remote.http.W3CHttpResponseCodec.decode(W3CHttpResponseCodec.java:122)
	at org.openqa.selenium.remote.http.W3CHttpResponseCodec.decode(W3CHttpResponseCodec.java:49)
	at org.openqa.selenium.remote.HttpCommandExecutor.execute(HttpCommandExecutor.java:164)
	at org.openqa.selenium.remote.service.DriverCommandExecutor.execute(DriverCommandExecutor.java:83)
	at org.openqa.selenium.remote.RemoteWebDriver.execute(RemoteWebDriver.java:601)
	at org.openqa.selenium.remote.RemoteWebElement.execute(RemoteWebElement.java:279)
	at org.openqa.selenium.remote.RemoteWebElement.clear(RemoteWebElement.java:118)
	at com.cucumber.test.DemoQAFireFox.enter_dummy_data_needed_for_email_billing_or_contact_details_and_click_Purchase(DemoQAFireFox.java:160)
	at java.util.concurrent.ThreadPoolExecutor.runWorker(Unknown Source)
	at java.util.concurrent.ThreadPoolExecutor$Worker.run(Unknown Source)
	at java.lang.Thread.run(Unknown Source)
... Removed 14 stack frames]]>
    </failure>
  </testcase> <!-- enter_dummy_data_needed_for_email_billing_or_contact_details_and_click_Purchase -->
  <testcase name="confirm_that_you_have_placed_the_Order_in_Transaction_Result_page" time="1.645" classname="com.cucumber.test.DemoQAFireFox"/>
</testsuite> <!-- Test -->
