<!DOCTYPE html>

<html>
  <head>
  <title>TestNG reports</title>

    <link type="text/css" href="testng-reports.css" rel="stylesheet" />  
    <script type="text/javascript" src="jquery-1.7.1.min.js"></script>
    <script type="text/javascript" src="testng-reports.js"></script>
    <script type="text/javascript" src="https://www.google.com/jsapi"></script>
    <script type='text/javascript'>
      google.load('visualization', '1', {packages:['table']});
      google.setOnLoadCallback(drawTable);
      var suiteTableInitFunctions = new Array();
      var suiteTableData = new Array();
    </script>
    <!--
      <script type="text/javascript" src="jquery-ui/js/jquery-ui-1.8.16.custom.min.js"></script>
     -->
  </head>

  <body>
    <div class="top-banner-root">
      <span class="top-banner-title-font">Test results</span>
      <br/>
      <span class="top-banner-font-1">1 suite, 2 failed tests</span>
    </div> <!-- top-banner-root -->
    <div class="navigator-root">
      <div class="navigator-suite-header">
        <span>All suites</span>
        <a href="#" class="collapse-all-link" title="Collapse/expand all the suites">
          <img class="collapse-all-icon" src="collapseall.gif">
          </img> <!-- collapse-all-icon -->
        </a> <!-- collapse-all-link -->
      </div> <!-- navigator-suite-header -->
      <div class="suite">
        <div class="rounded-window">
          <div class="suite-header light-rounded-window-top">
            <a href="#" class="navigator-link" panel-name="suite-Default_suite">
              <span class="suite-name border-failed">Default suite</span>
            </a> <!-- navigator-link -->
          </div> <!-- suite-header light-rounded-window-top -->
          <div class="navigator-suite-content">
            <div class="suite-section-title">
              <span>Info</span>
            </div> <!-- suite-section-title -->
            <div class="suite-section-content">
              <ul>
                <li>
                  <a href="#" class="navigator-link " panel-name="test-xml-Default_suite">
                    <span>E:\My Project\Waheed\17-07-2018\Parallel-Cucumber-Demo\src\test\resources\testng.xml</span>
                  </a> <!-- navigator-link  -->
                </li>
                <li>
                  <a href="#" class="navigator-link " panel-name="testlist-Default_suite">
                    <span class="test-stats">1 test</span>
                  </a> <!-- navigator-link  -->
                </li>
                <li>
                  <a href="#" class="navigator-link " panel-name="group-Default_suite">
                    <span>0 groups</span>
                  </a> <!-- navigator-link  -->
                </li>
                <li>
                  <a href="#" class="navigator-link " panel-name="times-Default_suite">
                    <span>Times</span>
                  </a> <!-- navigator-link  -->
                </li>
                <li>
                  <a href="#" class="navigator-link " panel-name="reporter-Default_suite">
                    <span>Reporter output</span>
                  </a> <!-- navigator-link  -->
                </li>
                <li>
                  <a href="#" class="navigator-link " panel-name="ignored-methods-Default_suite">
                    <span>Ignored methods</span>
                  </a> <!-- navigator-link  -->
                </li>
                <li>
                  <a href="#" class="navigator-link " panel-name="chronological-Default_suite">
                    <span>Chronological view</span>
                  </a> <!-- navigator-link  -->
                </li>
              </ul>
            </div> <!-- suite-section-content -->
            <div class="result-section">
              <div class="suite-section-title">
                <span>Results</span>
              </div> <!-- suite-section-title -->
              <div class="suite-section-content">
                <ul>
                  <li>
                    <span class="method-stats">16 methods, 2 failed,   14 passed</span>
                  </li>
                  <li>
                    <span class="method-list-title failed">Failed methods</span>
                    <span class="show-or-hide-methods failed">
                      <a href="#" panel-name="suite-Default_suite" class="hide-methods failed suite-Default_suite"> (hide)</a> <!-- hide-methods failed suite-Default_suite -->
                      <a href="#" panel-name="suite-Default_suite" class="show-methods failed suite-Default_suite"> (show)</a> <!-- show-methods failed suite-Default_suite -->
                    </span>
                    <div class="method-list-content failed suite-Default_suite">
                      <span>
                        <img width="3%" src="failed.png"/>
                        <a href="#" class="method navigator-link" panel-name="suite-Default_suite" title="com.cucumber.test.DemoQAFireFox" hash-for-method="after_confirming_click_on_Continue_button">after_confirming_click_on_Continue_button</a> <!-- method navigator-link -->
                      </span>
                      <br/>
                      <span>
                        <img width="3%" src="failed.png"/>
                        <a href="#" class="method navigator-link" panel-name="suite-Default_suite" title="com.cucumber.test.DemoQAFireFox" hash-for-method="enter_dummy_data_needed_for_email_billing_or_contact_details_and_click_Purchase">enter_dummy_data_needed_for_email_billing_or_contact_details_and_click_Purchase</a> <!-- method navigator-link -->
                      </span>
                      <br/>
                    </div> <!-- method-list-content failed suite-Default_suite -->
                  </li>
                  <li>
                    <span class="method-list-title passed">Passed methods</span>
                    <span class="show-or-hide-methods passed">
                      <a href="#" panel-name="suite-Default_suite" class="hide-methods passed suite-Default_suite"> (hide)</a> <!-- hide-methods passed suite-Default_suite -->
                      <a href="#" panel-name="suite-Default_suite" class="show-methods passed suite-Default_suite"> (show)</a> <!-- show-methods passed suite-Default_suite -->
                    </span>
                    <div class="method-list-content passed suite-Default_suite">
                      <span>
                        <img width="3%" src="passed.png"/>
                        <a href="#" class="method navigator-link" panel-name="suite-Default_suite" title="com.cucumber.test.DemoQAChrome" hash-for-method="after_confirming_click_on_Continue">after_confirming_click_on_Continue</a> <!-- method navigator-link -->
                      </span>
                      <br/>
                      <span>
                        <img width="3%" src="passed.png"/>
                        <a href="#" class="method navigator-link" panel-name="suite-Default_suite" title="com.cucumber.test.DemoQAChrome" hash-for-method="chrome_only_validation">chrome_only_validation</a> <!-- method navigator-link -->
                      </span>
                      <br/>
                      <span>
                        <img width="3%" src="passed.png"/>
                        <a href="#" class="method navigator-link" panel-name="suite-Default_suite" title="com.cucumber.test.DemoQAFireFox" hash-for-method="click_on_Add_to_Cart_button_for_just_Magic_Mouse">click_on_Add_to_Cart_button_for_just_Magic_Mouse</a> <!-- method navigator-link -->
                      </span>
                      <br/>
                      <span>
                        <img width="3%" src="passed.png"/>
                        <a href="#" class="method navigator-link" panel-name="suite-Default_suite" title="com.cucumber.test.DemoQAChrome" hash-for-method="click_on_Add_to_Cart_for_just_Magic_Mouse">click_on_Add_to_Cart_for_just_Magic_Mouse</a> <!-- method navigator-link -->
                      </span>
                      <br/>
                      <span>
                        <img width="3%" src="passed.png"/>
                        <a href="#" class="method navigator-link" panel-name="suite-Default_suite" title="com.cucumber.test.DemoQAChrome" hash-for-method="click_on_Checkout_and_confirm_you_have_Magic_Mouse_in_your_Check_Out_Page(1)">click_on_Checkout_and_confirm_you_have_Magic_Mouse_in_your_Check_Out_Page(1)</a> <!-- method navigator-link -->
                      </span>
                      <br/>
                      <span>
                        <img width="3%" src="passed.png"/>
                        <a href="#" class="method navigator-link" panel-name="suite-Default_suite" title="com.cucumber.test.DemoQAFireFox" hash-for-method="click_on_Checkout_link_and_confirm_you_have_Magic_Mouse_in_your_Check_Out_Page(1)">click_on_Checkout_link_and_confirm_you_have_Magic_Mouse_in_your_Check_Out_Page(1)</a> <!-- method navigator-link -->
                      </span>
                      <br/>
                      <span>
                        <img width="3%" src="passed.png"/>
                        <a href="#" class="method navigator-link" panel-name="suite-Default_suite" title="com.cucumber.test.DemoQAFireFox" hash-for-method="confirm_that_you_have_placed_the_Order_in_Transaction_Result_page">confirm_that_you_have_placed_the_Order_in_Transaction_Result_page</a> <!-- method navigator-link -->
                      </span>
                      <br/>
                      <span>
                        <img width="3%" src="passed.png"/>
                        <a href="#" class="method navigator-link" panel-name="suite-Default_suite" title="com.cucumber.test.DemoQAChrome" hash-for-method="confirm_that_you_have_placed_the_Order_in_Transaction_Results_page">confirm_that_you_have_placed_the_Order_in_Transaction_Results_page</a> <!-- method navigator-link -->
                      </span>
                      <br/>
                      <span>
                        <img width="3%" src="passed.png"/>
                        <a href="#" class="method navigator-link" panel-name="suite-Default_suite" title="com.cucumber.test.DemoQAChrome" hash-for-method="enter_test_data_needed_for_email_billing_or_contact_details_and_click_Purchase">enter_test_data_needed_for_email_billing_or_contact_details_and_click_Purchase</a> <!-- method navigator-link -->
                      </span>
                      <br/>
                      <span>
                        <img width="3%" src="passed.png"/>
                        <a href="#" class="method navigator-link" panel-name="suite-Default_suite" title="com.cucumber.test.DemoQAFireFox" hash-for-method="firefox_browser_only_validation">firefox_browser_only_validation</a> <!-- method navigator-link -->
                      </span>
                      <br/>
                      <span>
                        <img width="3%" src="passed.png"/>
                        <a href="#" class="method navigator-link" panel-name="suite-Default_suite" title="com.cucumber.test.DemoQAChrome" hash-for-method="go_to_Product_category_and_select_Accessories">go_to_Product_category_and_select_Accessories</a> <!-- method navigator-link -->
                      </span>
                      <br/>
                      <span>
                        <img width="3%" src="passed.png"/>
                        <a href="#" class="method navigator-link" panel-name="suite-Default_suite" title="com.cucumber.test.DemoQAChrome" hash-for-method="go_to_http_store_demoqa_com">go_to_http_store_demoqa_com</a> <!-- method navigator-link -->
                      </span>
                      <br/>
                      <span>
                        <img width="3%" src="passed.png"/>
                        <a href="#" class="method navigator-link" panel-name="suite-Default_suite" title="com.cucumber.test.DemoQAFireFox" hash-for-method="navigate_to_Product_category_and_select_Accessories">navigate_to_Product_category_and_select_Accessories</a> <!-- method navigator-link -->
                      </span>
                      <br/>
                      <span>
                        <img width="3%" src="passed.png"/>
                        <a href="#" class="method navigator-link" panel-name="suite-Default_suite" title="com.cucumber.test.DemoQAFireFox" hash-for-method="navigate_to_http_store_demoqa_com">navigate_to_http_store_demoqa_com</a> <!-- method navigator-link -->
                      </span>
                      <br/>
                    </div> <!-- method-list-content passed suite-Default_suite -->
                  </li>
                </ul>
              </div> <!-- suite-section-content -->
            </div> <!-- result-section -->
          </div> <!-- navigator-suite-content -->
        </div> <!-- rounded-window -->
      </div> <!-- suite -->
    </div> <!-- navigator-root -->
    <div class="wrapper">
      <div class="main-panel-root">
        <div panel-name="suite-Default_suite" class="panel Default_suite">
          <div class="suite-Default_suite-class-failed">
            <div class="main-panel-header rounded-window-top">
              <img src="failed.png"/>
              <span class="class-name">com.cucumber.test.DemoQAFireFox</span>
            </div> <!-- main-panel-header rounded-window-top -->
            <div class="main-panel-content rounded-window-bottom">
              <div class="method">
                <div class="method-content">
                  <a name="after_confirming_click_on_Continue_button">
                  </a> <!-- after_confirming_click_on_Continue_button -->
                  <span class="method-name">after_confirming_click_on_Continue_button</span>
                  <div class="stack-trace"><b>"org.openqa.selenium.NoSuchElementException: Unable to locate element: .//*[@id=&apos;checkout_page_container&apos;]/div[1]/a/span
For documentation on this error, please visit: http://seleniumhq.org/exceptions/no_such_element.html
Build info: version: &apos;3.8.1&apos;, revision: &apos;6e95a6684b&apos;, time: &apos;2017-12-01T18:33:54.468Z&apos;
System info: host: &apos;NIRAV&apos;, ip: &apos;192.168.0.102&apos;, os.name: &apos;Windows 8.1&apos;, os.arch: &apos;amd64&apos;, os.version: &apos;6.3&apos;, java.version: &apos;1.8.0_151&apos;
Driver info: org.openqa.selenium.firefox.FirefoxDriver
Capabilities {acceptInsecureCerts: true, browserName: firefox, browserVersion: 61.0.1, javascriptEnabled: true, moz:accessibilityChecks: false, moz:headless: false, moz:processID: 4124, moz:profile: C:\Users\Nirav Panchal\AppD..., moz:useNonSpecCompliantPointerOrigin: false, moz:webdriverClick: true, pageLoadStrategy: normal, platform: XP, platformName: XP, platformVersion: 6.3, rotatable: false, timeouts: {implicit: 0, pageLoad: 300000, script: 30000}}
Session ID: 5379898c-96bd-4361-971e-3eb2975fc201
*** Element info: {Using=xpath, value=.//*[@id=&apos;checkout_page_container&apos;]/div[1]/a/span}
	at org.openqa.selenium.remote.http.W3CHttpResponseCodec.createException(W3CHttpResponseCodec.java:187)
	at org.openqa.selenium.remote.http.W3CHttpResponseCodec.decode(W3CHttpResponseCodec.java:122)
	at org.openqa.selenium.remote.http.W3CHttpResponseCodec.decode(W3CHttpResponseCodec.java:49)
	at org.openqa.selenium.remote.HttpCommandExecutor.execute(HttpCommandExecutor.java:164)
	at org.openqa.selenium.remote.service.DriverCommandExecutor.execute(DriverCommandExecutor.java:83)
	at org.openqa.selenium.remote.RemoteWebDriver.execute(RemoteWebDriver.java:601)
	at org.openqa.selenium.remote.RemoteWebDriver.findElement(RemoteWebDriver.java:371)
	at org.openqa.selenium.remote.RemoteWebDriver.findElementByXPath(RemoteWebDriver.java:473)
	at org.openqa.selenium.By$ByXPath.findElement(By.java:361)
	at org.openqa.selenium.remote.RemoteWebDriver.findElement(RemoteWebDriver.java:363)
	at com.cucumber.test.DemoQAFireFox.after_confirming_click_on_Continue_button(DemoQAFireFox.java:152)
	at java.util.concurrent.ThreadPoolExecutor.runWorker(Unknown Source)
	at java.util.concurrent.ThreadPoolExecutor$Worker.run(Unknown Source)
	at java.lang.Thread.run(Unknown Source)
... Removed 14 stack frames<br/> org.openqa.selenium.NoSuchElementException: Unable to locate element: .//*[@id=&apos;checkout_page_container&apos;]/div[1]/a/span
For documentation on this error, please visit: http://seleniumhq.org/exceptions/no_such_element.html
Build info: version: &apos;3.8.1&apos;, revision: &apos;6e95a6684b&apos;, time: &apos;2017-12-01T18:33:54.468Z&apos;
System info: host: &apos;NIRAV&apos;, ip: &apos;192.168.0.102&apos;, os.name: &apos;Windows 8.1&apos;, os.arch: &apos;amd64&apos;, os.version: &apos;6.3&apos;, java.version: &apos;1.8.0_151&apos;
Driver info: org.openqa.selenium.firefox.FirefoxDriver
Capabilities {acceptInsecureCerts: true, browserName: firefox, browserVersion: 61.0.1, javascriptEnabled: true, moz:accessibilityChecks: false, moz:headless: false, moz:processID: 4124, moz:profile: C:\Users\Nirav Panchal\AppD..., moz:useNonSpecCompliantPointerOrigin: false, moz:webdriverClick: true, pageLoadStrategy: normal, platform: XP, platformName: XP, platformVersion: 6.3, rotatable: false, timeouts: {implicit: 0, pageLoad: 300000, script: 30000}}
Session ID: 5379898c-96bd-4361-971e-3eb2975fc201
*** Element info: {Using=xpath, value=.//*[@id=&apos;checkout_page_container&apos;]/div[1]/a/span}
	at sun.reflect.NativeConstructorAccessorImpl.newInstance0(Native Method)
	at sun.reflect.NativeConstructorAccessorImpl.newInstance(Unknown Source)
	at sun.reflect.DelegatingConstructorAccessorImpl.newInstance(Unknown Source)
	at java.lang.reflect.Constructor.newInstance(Unknown Source)
	at org.openqa.selenium.remote.http.W3CHttpResponseCodec.createException(W3CHttpResponseCodec.java:187)
	at org.openqa.selenium.remote.http.W3CHttpResponseCodec.decode(W3CHttpResponseCodec.java:122)
	at org.openqa.selenium.remote.http.W3CHttpResponseCodec.decode(W3CHttpResponseCodec.java:49)
	at org.openqa.selenium.remote.HttpCommandExecutor.execute(HttpCommandExecutor.java:164)
	at org.openqa.selenium.remote.service.DriverCommandExecutor.execute(DriverCommandExecutor.java:83)
	at org.openqa.selenium.remote.RemoteWebDriver.execute(RemoteWebDriver.java:601)
	at org.openqa.selenium.remote.RemoteWebDriver.findElement(RemoteWebDriver.java:371)
	at org.openqa.selenium.remote.RemoteWebDriver.findElementByXPath(RemoteWebDriver.java:473)
	at org.openqa.selenium.By$ByXPath.findElement(By.java:361)
	at org.openqa.selenium.remote.RemoteWebDriver.findElement(RemoteWebDriver.java:363)
	at com.cucumber.test.DemoQAFireFox.after_confirming_click_on_Continue_button(DemoQAFireFox.java:152)
	at sun.reflect.NativeMethodAccessorImpl.invoke0(Native Method)
	at sun.reflect.NativeMethodAccessorImpl.invoke(Unknown Source)
	at sun.reflect.DelegatingMethodAccessorImpl.invoke(Unknown Source)
	at java.lang.reflect.Method.invoke(Unknown Source)
	at org.testng.internal.MethodInvocationHelper.invokeMethod(MethodInvocationHelper.java:80)
	at org.testng.internal.Invoker.invokeMethod(Invoker.java:714)
	at org.testng.internal.Invoker.invokeTestMethod(Invoker.java:901)
	at org.testng.internal.Invoker.invokeTestMethods(Invoker.java:1231)
	at org.testng.internal.TestMethodWorker.invokeTestMethods(TestMethodWorker.java:127)
	at org.testng.internal.TestMethodWorker.run(TestMethodWorker.java:111)
	at java.util.concurrent.ThreadPoolExecutor.runWorker(Unknown Source)
	at java.util.concurrent.ThreadPoolExecutor$Worker.run(Unknown Source)
	at java.lang.Thread.run(Unknown Source)
"</b><br>sun.reflect.NativeConstructorAccessorImpl.newInstance0(Native Method)<br>sun.reflect.NativeConstructorAccessorImpl.newInstance(Unknown Source)<br>sun.reflect.DelegatingConstructorAccessorImpl.newInstance(Unknown Source)<br>java.lang.reflect.Constructor.newInstance(Unknown Source)<br>org.openqa.selenium.remote.http.W3CHttpResponseCodec.createException(W3CHttpResponseCodec.java:187)<br>org.openqa.selenium.remote.http.W3CHttpResponseCodec.decode(W3CHttpResponseCodec.java:122)<br>org.openqa.selenium.remote.http.W3CHttpResponseCodec.decode(W3CHttpResponseCodec.java:49)<br>org.openqa.selenium.remote.HttpCommandExecutor.execute(HttpCommandExecutor.java:164)<br>org.openqa.selenium.remote.service.DriverCommandExecutor.execute(DriverCommandExecutor.java:83)<br>org.openqa.selenium.remote.RemoteWebDriver.execute(RemoteWebDriver.java:601)<br>org.openqa.selenium.remote.RemoteWebDriver.findElement(RemoteWebDriver.java:371)<br>org.openqa.selenium.remote.RemoteWebDriver.findElementByXPath(RemoteWebDriver.java:473)<br>org.openqa.selenium.By$ByXPath.findElement(By.java:361)<br>org.openqa.selenium.remote.RemoteWebDriver.findElement(RemoteWebDriver.java:363)<br>com.cucumber.test.DemoQAFireFox.after_confirming_click_on_Continue_button(DemoQAFireFox.java:152)<br>sun.reflect.NativeMethodAccessorImpl.invoke0(Native Method)<br>sun.reflect.NativeMethodAccessorImpl.invoke(Unknown Source)<br>sun.reflect.DelegatingMethodAccessorImpl.invoke(Unknown Source)<br>java.lang.reflect.Method.invoke(Unknown Source)<br>org.testng.internal.MethodInvocationHelper.invokeMethod(MethodInvocationHelper.java:80)<br>org.testng.internal.Invoker.invokeMethod(Invoker.java:714)<br>org.testng.internal.Invoker.invokeTestMethod(Invoker.java:901)<br>org.testng.internal.Invoker.invokeTestMethods(Invoker.java:1231)<br>org.testng.internal.TestMethodWorker.invokeTestMethods(TestMethodWorker.java:127)<br>org.testng.internal.TestMethodWorker.run(TestMethodWorker.java:111)<br>java.util.concurrent.ThreadPoolExecutor.runWorker(Unknown Source)<br>java.util.concurrent.ThreadPoolExecutor$Worker.run(Unknown Source)<br>java.lang.Thread.run(Unknown Source)<br>
</div> <!-- stack-trace -->
                </div> <!-- method-content -->
              </div> <!-- method -->
              <div class="method">
                <div class="method-content">
                  <a name="enter_dummy_data_needed_for_email_billing_or_contact_details_and_click_Purchase">
                  </a> <!-- enter_dummy_data_needed_for_email_billing_or_contact_details_and_click_Purchase -->
                  <span class="method-name">enter_dummy_data_needed_for_email_billing_or_contact_details_and_click_Purchase</span>
                  <div class="stack-trace"><b>"org.openqa.selenium.TimeoutException: Expected condition failed: waiting for element to be clickable: By.id: wpsc_checkout_form_2 (tried for 20 second(s) with 500 MILLISECONDS interval)
	at org.openqa.selenium.support.ui.WebDriverWait.timeoutException(WebDriverWait.java:82)
	at org.openqa.selenium.support.ui.FluentWait.until(FluentWait.java:231)
	at com.cucumber.test.DemoQAFireFox.enter_dummy_data_needed_for_email_billing_or_contact_details_and_click_Purchase(DemoQAFireFox.java:179)
	at java.util.concurrent.ThreadPoolExecutor.runWorker(Unknown Source)
	at java.util.concurrent.ThreadPoolExecutor$Worker.run(Unknown Source)
	at java.lang.Thread.run(Unknown Source)
Caused by: org.openqa.selenium.NoSuchElementException: Cannot locate an element using By.id: wpsc_checkout_form_2
For documentation on this error, please visit: http://seleniumhq.org/exceptions/no_such_element.html
Build info: version: &apos;3.8.1&apos;, revision: &apos;6e95a6684b&apos;, time: &apos;2017-12-01T18:33:54.468Z&apos;
System info: host: &apos;NIRAV&apos;, ip: &apos;192.168.0.102&apos;, os.name: &apos;Windows 8.1&apos;, os.arch: &apos;amd64&apos;, os.version: &apos;6.3&apos;, java.version: &apos;1.8.0_151&apos;
Driver info: driver.version: unknown
	at org.openqa.selenium.support.ui.ExpectedConditions.lambda$findElement$0(ExpectedConditions.java:882)
	at java.util.Optional.orElseThrow(Unknown Source)
	at org.openqa.selenium.support.ui.ExpectedConditions.findElement(ExpectedConditions.java:881)
	at org.openqa.selenium.support.ui.ExpectedConditions.access$000(ExpectedConditions.java:43)
	at org.openqa.selenium.support.ui.ExpectedConditions$7.apply(ExpectedConditions.java:205)
	at org.openqa.selenium.support.ui.ExpectedConditions$7.apply(ExpectedConditions.java:201)
	at org.openqa.selenium.support.ui.ExpectedConditions$22.apply(ExpectedConditions.java:643)
	at org.openqa.selenium.support.ui.ExpectedConditions$22.apply(ExpectedConditions.java:640)
	at org.openqa.selenium.support.ui.FluentWait.until(FluentWait.java:208)
	... 14 more
... Removed 10 stack frames<br/> org.openqa.selenium.TimeoutException: Expected condition failed: waiting for element to be clickable: By.id: wpsc_checkout_form_2 (tried for 20 second(s) with 500 MILLISECONDS interval)
	at org.openqa.selenium.support.ui.WebDriverWait.timeoutException(WebDriverWait.java:82)
	at org.openqa.selenium.support.ui.FluentWait.until(FluentWait.java:231)
	at com.cucumber.test.DemoQAFireFox.enter_dummy_data_needed_for_email_billing_or_contact_details_and_click_Purchase(DemoQAFireFox.java:179)
	at sun.reflect.NativeMethodAccessorImpl.invoke0(Native Method)
	at sun.reflect.NativeMethodAccessorImpl.invoke(Unknown Source)
	at sun.reflect.DelegatingMethodAccessorImpl.invoke(Unknown Source)
	at java.lang.reflect.Method.invoke(Unknown Source)
	at org.testng.internal.MethodInvocationHelper.invokeMethod(MethodInvocationHelper.java:80)
	at org.testng.internal.Invoker.invokeMethod(Invoker.java:714)
	at org.testng.internal.Invoker.invokeTestMethod(Invoker.java:901)
	at org.testng.internal.Invoker.invokeTestMethods(Invoker.java:1231)
	at org.testng.internal.TestMethodWorker.invokeTestMethods(TestMethodWorker.java:127)
	at org.testng.internal.TestMethodWorker.run(TestMethodWorker.java:111)
	at java.util.concurrent.ThreadPoolExecutor.runWorker(Unknown Source)
	at java.util.concurrent.ThreadPoolExecutor$Worker.run(Unknown Source)
	at java.lang.Thread.run(Unknown Source)
Caused by: org.openqa.selenium.NoSuchElementException: Cannot locate an element using By.id: wpsc_checkout_form_2
For documentation on this error, please visit: http://seleniumhq.org/exceptions/no_such_element.html
Build info: version: &apos;3.8.1&apos;, revision: &apos;6e95a6684b&apos;, time: &apos;2017-12-01T18:33:54.468Z&apos;
System info: host: &apos;NIRAV&apos;, ip: &apos;192.168.0.102&apos;, os.name: &apos;Windows 8.1&apos;, os.arch: &apos;amd64&apos;, os.version: &apos;6.3&apos;, java.version: &apos;1.8.0_151&apos;
Driver info: driver.version: unknown
	at org.openqa.selenium.support.ui.ExpectedConditions.lambda$findElement$0(ExpectedConditions.java:882)
	at java.util.Optional.orElseThrow(Unknown Source)
	at org.openqa.selenium.support.ui.ExpectedConditions.findElement(ExpectedConditions.java:881)
	at org.openqa.selenium.support.ui.ExpectedConditions.access$000(ExpectedConditions.java:43)
	at org.openqa.selenium.support.ui.ExpectedConditions$7.apply(ExpectedConditions.java:205)
	at org.openqa.selenium.support.ui.ExpectedConditions$7.apply(ExpectedConditions.java:201)
	at org.openqa.selenium.support.ui.ExpectedConditions$22.apply(ExpectedConditions.java:643)
	at org.openqa.selenium.support.ui.ExpectedConditions$22.apply(ExpectedConditions.java:640)
	at org.openqa.selenium.support.ui.FluentWait.until(FluentWait.java:208)
	... 14 more
"</b><br>org.openqa.selenium.support.ui.WebDriverWait.timeoutException(WebDriverWait.java:82)<br>org.openqa.selenium.support.ui.FluentWait.until(FluentWait.java:231)<br>com.cucumber.test.DemoQAFireFox.enter_dummy_data_needed_for_email_billing_or_contact_details_and_click_Purchase(DemoQAFireFox.java:179)<br>sun.reflect.NativeMethodAccessorImpl.invoke0(Native Method)<br>sun.reflect.NativeMethodAccessorImpl.invoke(Unknown Source)<br>sun.reflect.DelegatingMethodAccessorImpl.invoke(Unknown Source)<br>java.lang.reflect.Method.invoke(Unknown Source)<br>org.testng.internal.MethodInvocationHelper.invokeMethod(MethodInvocationHelper.java:80)<br>org.testng.internal.Invoker.invokeMethod(Invoker.java:714)<br>org.testng.internal.Invoker.invokeTestMethod(Invoker.java:901)<br>org.testng.internal.Invoker.invokeTestMethods(Invoker.java:1231)<br>org.testng.internal.TestMethodWorker.invokeTestMethods(TestMethodWorker.java:127)<br>org.testng.internal.TestMethodWorker.run(TestMethodWorker.java:111)<br>java.util.concurrent.ThreadPoolExecutor.runWorker(Unknown Source)<br>java.util.concurrent.ThreadPoolExecutor$Worker.run(Unknown Source)<br>java.lang.Thread.run(Unknown Source)<br>
</div> <!-- stack-trace -->
                </div> <!-- method-content -->
              </div> <!-- method -->
            </div> <!-- main-panel-content rounded-window-bottom -->
          </div> <!-- suite-Default_suite-class-failed -->
          <div class="suite-Default_suite-class-passed">
            <div class="main-panel-header rounded-window-top">
              <img src="passed.png"/>
              <span class="class-name">com.cucumber.test.DemoQAChrome</span>
            </div> <!-- main-panel-header rounded-window-top -->
            <div class="main-panel-content rounded-window-bottom">
              <div class="method">
                <div class="method-content">
                  <a name="after_confirming_click_on_Continue">
                  </a> <!-- after_confirming_click_on_Continue -->
                  <span class="method-name">after_confirming_click_on_Continue</span>
                </div> <!-- method-content -->
              </div> <!-- method -->
              <div class="method">
                <div class="method-content">
                  <a name="chrome_only_validation">
                  </a> <!-- chrome_only_validation -->
                  <span class="method-name">chrome_only_validation</span>
                </div> <!-- method-content -->
              </div> <!-- method -->
              <div class="method">
                <div class="method-content">
                  <a name="click_on_Add_to_Cart_for_just_Magic_Mouse">
                  </a> <!-- click_on_Add_to_Cart_for_just_Magic_Mouse -->
                  <span class="method-name">click_on_Add_to_Cart_for_just_Magic_Mouse</span>
                </div> <!-- method-content -->
              </div> <!-- method -->
              <div class="method">
                <div class="method-content">
                  <a name="click_on_Checkout_and_confirm_you_have_Magic_Mouse_in_your_Check_Out_Page(1)">
                  </a> <!-- click_on_Checkout_and_confirm_you_have_Magic_Mouse_in_your_Check_Out_Page(1) -->
                  <span class="method-name">click_on_Checkout_and_confirm_you_have_Magic_Mouse_in_your_Check_Out_Page</span>
                  <span class="parameters">(1)</span>
                </div> <!-- method-content -->
              </div> <!-- method -->
              <div class="method">
                <div class="method-content">
                  <a name="confirm_that_you_have_placed_the_Order_in_Transaction_Results_page">
                  </a> <!-- confirm_that_you_have_placed_the_Order_in_Transaction_Results_page -->
                  <span class="method-name">confirm_that_you_have_placed_the_Order_in_Transaction_Results_page</span>
                </div> <!-- method-content -->
              </div> <!-- method -->
              <div class="method">
                <div class="method-content">
                  <a name="enter_test_data_needed_for_email_billing_or_contact_details_and_click_Purchase">
                  </a> <!-- enter_test_data_needed_for_email_billing_or_contact_details_and_click_Purchase -->
                  <span class="method-name">enter_test_data_needed_for_email_billing_or_contact_details_and_click_Purchase</span>
                </div> <!-- method-content -->
              </div> <!-- method -->
              <div class="method">
                <div class="method-content">
                  <a name="go_to_Product_category_and_select_Accessories">
                  </a> <!-- go_to_Product_category_and_select_Accessories -->
                  <span class="method-name">go_to_Product_category_and_select_Accessories</span>
                </div> <!-- method-content -->
              </div> <!-- method -->
              <div class="method">
                <div class="method-content">
                  <a name="go_to_http_store_demoqa_com">
                  </a> <!-- go_to_http_store_demoqa_com -->
                  <span class="method-name">go_to_http_store_demoqa_com</span>
                </div> <!-- method-content -->
              </div> <!-- method -->
            </div> <!-- main-panel-content rounded-window-bottom -->
          </div> <!-- suite-Default_suite-class-passed -->
          <div class="suite-Default_suite-class-passed">
            <div class="main-panel-header rounded-window-top">
              <img src="passed.png"/>
              <span class="class-name">com.cucumber.test.DemoQAFireFox</span>
            </div> <!-- main-panel-header rounded-window-top -->
            <div class="main-panel-content rounded-window-bottom">
              <div class="method">
                <div class="method-content">
                  <a name="click_on_Add_to_Cart_button_for_just_Magic_Mouse">
                  </a> <!-- click_on_Add_to_Cart_button_for_just_Magic_Mouse -->
                  <span class="method-name">click_on_Add_to_Cart_button_for_just_Magic_Mouse</span>
                </div> <!-- method-content -->
              </div> <!-- method -->
              <div class="method">
                <div class="method-content">
                  <a name="click_on_Checkout_link_and_confirm_you_have_Magic_Mouse_in_your_Check_Out_Page(1)">
                  </a> <!-- click_on_Checkout_link_and_confirm_you_have_Magic_Mouse_in_your_Check_Out_Page(1) -->
                  <span class="method-name">click_on_Checkout_link_and_confirm_you_have_Magic_Mouse_in_your_Check_Out_Page</span>
                  <span class="parameters">(1)</span>
                </div> <!-- method-content -->
              </div> <!-- method -->
              <div class="method">
                <div class="method-content">
                  <a name="confirm_that_you_have_placed_the_Order_in_Transaction_Result_page">
                  </a> <!-- confirm_that_you_have_placed_the_Order_in_Transaction_Result_page -->
                  <span class="method-name">confirm_that_you_have_placed_the_Order_in_Transaction_Result_page</span>
                </div> <!-- method-content -->
              </div> <!-- method -->
              <div class="method">
                <div class="method-content">
                  <a name="firefox_browser_only_validation">
                  </a> <!-- firefox_browser_only_validation -->
                  <span class="method-name">firefox_browser_only_validation</span>
                </div> <!-- method-content -->
              </div> <!-- method -->
              <div class="method">
                <div class="method-content">
                  <a name="navigate_to_Product_category_and_select_Accessories">
                  </a> <!-- navigate_to_Product_category_and_select_Accessories -->
                  <span class="method-name">navigate_to_Product_category_and_select_Accessories</span>
                </div> <!-- method-content -->
              </div> <!-- method -->
              <div class="method">
                <div class="method-content">
                  <a name="navigate_to_http_store_demoqa_com">
                  </a> <!-- navigate_to_http_store_demoqa_com -->
                  <span class="method-name">navigate_to_http_store_demoqa_com</span>
                </div> <!-- method-content -->
              </div> <!-- method -->
            </div> <!-- main-panel-content rounded-window-bottom -->
          </div> <!-- suite-Default_suite-class-passed -->
        </div> <!-- panel Default_suite -->
        <div panel-name="test-xml-Default_suite" class="panel">
          <div class="main-panel-header rounded-window-top">
            <span class="header-content">E:\My Project\Waheed\17-07-2018\Parallel-Cucumber-Demo\src\test\resources\testng.xml</span>
          </div> <!-- main-panel-header rounded-window-top -->
          <div class="main-panel-content rounded-window-bottom">
            <pre>
&lt;?xml version=&quot;1.0&quot; encoding=&quot;UTF-8&quot;?&gt;
&lt;!DOCTYPE suite SYSTEM &quot;http://testng.org/testng-1.0.dtd&quot;&gt;
&lt;suite name=&quot;Default suite&quot; parallel=&quot;classes&quot;&gt;
  &lt;test name=&quot;Test&quot;&gt;
    &lt;parameter name=&quot;arg1&quot; value=&quot;1&quot;/&gt;
    &lt;classes&gt;
      &lt;class name=&quot;com.cucumber.test.DemoQAChrome&quot;/&gt;
      &lt;class name=&quot;com.cucumber.test.DemoQAFireFox&quot;/&gt;
    &lt;/classes&gt;
  &lt;/test&gt; &lt;!-- Test --&gt;
&lt;/suite&gt; &lt;!-- Default suite --&gt;
            </pre>
          </div> <!-- main-panel-content rounded-window-bottom -->
        </div> <!-- panel -->
        <div panel-name="testlist-Default_suite" class="panel">
          <div class="main-panel-header rounded-window-top">
            <span class="header-content">Tests for Default suite</span>
          </div> <!-- main-panel-header rounded-window-top -->
          <div class="main-panel-content rounded-window-bottom">
            <ul>
              <li>
                <span class="test-name">Test (2 classes)</span>
              </li>
            </ul>
          </div> <!-- main-panel-content rounded-window-bottom -->
        </div> <!-- panel -->
        <div panel-name="group-Default_suite" class="panel">
          <div class="main-panel-header rounded-window-top">
            <span class="header-content">Groups for Default suite</span>
          </div> <!-- main-panel-header rounded-window-top -->
          <div class="main-panel-content rounded-window-bottom">
          </div> <!-- main-panel-content rounded-window-bottom -->
        </div> <!-- panel -->
        <div panel-name="times-Default_suite" class="panel">
          <div class="main-panel-header rounded-window-top">
            <span class="header-content">Times for Default suite</span>
          </div> <!-- main-panel-header rounded-window-top -->
          <div class="main-panel-content rounded-window-bottom">
            <div class="times-div">
              <script type="text/javascript">
suiteTableInitFunctions.push('tableData_Default_suite');
function tableData_Default_suite() {
var data = new google.visualization.DataTable();
data.addColumn('number', 'Number');
data.addColumn('string', 'Method');
data.addColumn('string', 'Class');
data.addColumn('number', 'Time (ms)');
data.addRows(16);
data.setCell(0, 0, 0)
data.setCell(0, 1, 'enter_test_data_needed_for_email_billing_or_contact_details_and_click_Purchase')
data.setCell(0, 2, 'com.cucumber.test.DemoQAChrome')
data.setCell(0, 3, 82399);
data.setCell(1, 0, 1)
data.setCell(1, 1, 'firefox_browser_only_validation')
data.setCell(1, 2, 'com.cucumber.test.DemoQAFireFox')
data.setCell(1, 3, 70669);
data.setCell(2, 0, 2)
data.setCell(2, 1, 'go_to_http_store_demoqa_com')
data.setCell(2, 2, 'com.cucumber.test.DemoQAChrome')
data.setCell(2, 3, 23268);
data.setCell(3, 0, 3)
data.setCell(3, 1, 'navigate_to_http_store_demoqa_com')
data.setCell(3, 2, 'com.cucumber.test.DemoQAFireFox')
data.setCell(3, 3, 22809);
data.setCell(4, 0, 4)
data.setCell(4, 1, 'after_confirming_click_on_Continue_button')
data.setCell(4, 2, 'com.cucumber.test.DemoQAFireFox')
data.setCell(4, 3, 20416);
data.setCell(5, 0, 5)
data.setCell(5, 1, 'enter_dummy_data_needed_for_email_billing_or_contact_details_and_click_Purchase')
data.setCell(5, 2, 'com.cucumber.test.DemoQAFireFox')
data.setCell(5, 3, 20388);
data.setCell(6, 0, 6)
data.setCell(6, 1, 'click_on_Checkout_and_confirm_you_have_Magic_Mouse_in_your_Check_Out_Page')
data.setCell(6, 2, 'com.cucumber.test.DemoQAChrome')
data.setCell(6, 3, 18338);
data.setCell(7, 0, 7)
data.setCell(7, 1, 'click_on_Add_to_Cart_button_for_just_Magic_Mouse')
data.setCell(7, 2, 'com.cucumber.test.DemoQAFireFox')
data.setCell(7, 3, 17447);
data.setCell(8, 0, 8)
data.setCell(8, 1, 'chrome_only_validation')
data.setCell(8, 2, 'com.cucumber.test.DemoQAChrome')
data.setCell(8, 3, 16434);
data.setCell(9, 0, 9)
data.setCell(9, 1, 'go_to_Product_category_and_select_Accessories')
data.setCell(9, 2, 'com.cucumber.test.DemoQAChrome')
data.setCell(9, 3, 15888);
data.setCell(10, 0, 10)
data.setCell(10, 1, 'navigate_to_Product_category_and_select_Accessories')
data.setCell(10, 2, 'com.cucumber.test.DemoQAFireFox')
data.setCell(10, 3, 5990);
data.setCell(11, 0, 11)
data.setCell(11, 1, 'click_on_Checkout_link_and_confirm_you_have_Magic_Mouse_in_your_Check_Out_Page')
data.setCell(11, 2, 'com.cucumber.test.DemoQAFireFox')
data.setCell(11, 3, 5375);
data.setCell(12, 0, 12)
data.setCell(12, 1, 'confirm_that_you_have_placed_the_Order_in_Transaction_Result_page')
data.setCell(12, 2, 'com.cucumber.test.DemoQAFireFox')
data.setCell(12, 3, 1909);
data.setCell(13, 0, 13)
data.setCell(13, 1, 'confirm_that_you_have_placed_the_Order_in_Transaction_Results_page')
data.setCell(13, 2, 'com.cucumber.test.DemoQAChrome')
data.setCell(13, 3, 1604);
data.setCell(14, 0, 14)
data.setCell(14, 1, 'after_confirming_click_on_Continue')
data.setCell(14, 2, 'com.cucumber.test.DemoQAChrome')
data.setCell(14, 3, 292);
data.setCell(15, 0, 15)
data.setCell(15, 1, 'click_on_Add_to_Cart_for_just_Magic_Mouse')
data.setCell(15, 2, 'com.cucumber.test.DemoQAChrome')
data.setCell(15, 3, 268);
window.suiteTableData['Default_suite']= { tableData: data, tableDiv: 'times-div-Default_suite'}
return data;
}
              </script>
              <span class="suite-total-time">Total running time: 5 minutes</span>
              <div id="times-div-Default_suite">
              </div> <!-- times-div-Default_suite -->
            </div> <!-- times-div -->
          </div> <!-- main-panel-content rounded-window-bottom -->
        </div> <!-- panel -->
        <div panel-name="reporter-Default_suite" class="panel">
          <div class="main-panel-header rounded-window-top">
            <span class="header-content">Reporter output for Default suite</span>
          </div> <!-- main-panel-header rounded-window-top -->
          <div class="main-panel-content rounded-window-bottom">
          </div> <!-- main-panel-content rounded-window-bottom -->
        </div> <!-- panel -->
        <div panel-name="ignored-methods-Default_suite" class="panel">
          <div class="main-panel-header rounded-window-top">
            <span class="header-content">0 ignored methods</span>
          </div> <!-- main-panel-header rounded-window-top -->
          <div class="main-panel-content rounded-window-bottom">
          </div> <!-- main-panel-content rounded-window-bottom -->
        </div> <!-- panel -->
        <div panel-name="chronological-Default_suite" class="panel">
          <div class="main-panel-header rounded-window-top">
            <span class="header-content">Methods in chronological order</span>
          </div> <!-- main-panel-header rounded-window-top -->
          <div class="main-panel-content rounded-window-bottom">
            <div class="chronological-class">
              <div class="chronological-class-name">com.cucumber.test.DemoQAChrome</div> <!-- chronological-class-name -->
              <div class="test-method">
                <span class="method-name">chrome_only_validation</span>
                <span class="method-start">0 ms</span>
              </div> <!-- test-method -->
            </div> <!-- chronological-class -->
            <div class="chronological-class">
              <div class="chronological-class-name">com.cucumber.test.DemoQAFireFox</div> <!-- chronological-class-name -->
              <div class="test-method">
                <span class="method-name">firefox_browser_only_validation</span>
                <span class="method-start">0 ms</span>
              </div> <!-- test-method -->
            </div> <!-- chronological-class -->
            <div class="chronological-class">
              <div class="chronological-class-name">com.cucumber.test.DemoQAChrome</div> <!-- chronological-class-name -->
              <div class="test-method">
                <span class="method-name">go_to_http_store_demoqa_com</span>
                <span class="method-start">16450 ms</span>
              </div> <!-- test-method -->
              <div class="test-method">
                <span class="method-name">go_to_Product_category_and_select_Accessories</span>
                <span class="method-start">39718 ms</span>
              </div> <!-- test-method -->
              <div class="test-method">
                <span class="method-name">click_on_Add_to_Cart_for_just_Magic_Mouse</span>
                <span class="method-start">55610 ms</span>
              </div> <!-- test-method -->
              <div class="test-method">
                <span class="method-name">click_on_Checkout_and_confirm_you_have_Magic_Mouse_in_your_Check_Out_Page(1)</span>
                <span class="method-start">55886 ms</span>
              </div> <!-- test-method -->
            </div> <!-- chronological-class -->
            <div class="chronological-class">
              <div class="chronological-class-name">com.cucumber.test.DemoQAFireFox</div> <!-- chronological-class-name -->
              <div class="test-method">
                <span class="method-name">navigate_to_http_store_demoqa_com</span>
                <span class="method-start">70669 ms</span>
              </div> <!-- test-method -->
            </div> <!-- chronological-class -->
            <div class="chronological-class">
              <div class="chronological-class-name">com.cucumber.test.DemoQAChrome</div> <!-- chronological-class-name -->
              <div class="test-method">
                <span class="method-name">after_confirming_click_on_Continue</span>
                <span class="method-start">74224 ms</span>
              </div> <!-- test-method -->
              <div class="test-method">
                <span class="method-name">enter_test_data_needed_for_email_billing_or_contact_details_and_click_Purchase</span>
                <span class="method-start">74520 ms</span>
              </div> <!-- test-method -->
            </div> <!-- chronological-class -->
            <div class="chronological-class">
              <div class="chronological-class-name">com.cucumber.test.DemoQAFireFox</div> <!-- chronological-class-name -->
              <div class="test-method">
                <span class="method-name">navigate_to_Product_category_and_select_Accessories</span>
                <span class="method-start">93482 ms</span>
              </div> <!-- test-method -->
              <div class="test-method">
                <span class="method-name">click_on_Add_to_Cart_button_for_just_Magic_Mouse</span>
                <span class="method-start">99476 ms</span>
              </div> <!-- test-method -->
              <div class="test-method">
                <span class="method-name">click_on_Checkout_link_and_confirm_you_have_Magic_Mouse_in_your_Check_Out_Page(1)</span>
                <span class="method-start">116925 ms</span>
              </div> <!-- test-method -->
              <div class="test-method">
                <img src="failed.png">
                </img>
                <span class="method-name">after_confirming_click_on_Continue_button</span>
                <span class="method-start">122303 ms</span>
              </div> <!-- test-method -->
              <div class="test-method">
                <img src="failed.png">
                </img>
                <span class="method-name">enter_dummy_data_needed_for_email_billing_or_contact_details_and_click_Purchase</span>
                <span class="method-start">142723 ms</span>
              </div> <!-- test-method -->
            </div> <!-- chronological-class -->
            <div class="chronological-class">
              <div class="chronological-class-name">com.cucumber.test.DemoQAChrome</div> <!-- chronological-class-name -->
              <div class="test-method">
                <span class="method-name">confirm_that_you_have_placed_the_Order_in_Transaction_Results_page</span>
                <span class="method-start">156919 ms</span>
              </div> <!-- test-method -->
            </div> <!-- chronological-class -->
            <div class="chronological-class">
              <div class="chronological-class-name">com.cucumber.test.DemoQAFireFox</div> <!-- chronological-class-name -->
              <div class="test-method">
                <span class="method-name">confirm_that_you_have_placed_the_Order_in_Transaction_Result_page</span>
                <span class="method-start">163114 ms</span>
              </div> <!-- test-method -->
          </div> <!-- main-panel-content rounded-window-bottom -->
        </div> <!-- panel -->
      </div> <!-- main-panel-root -->
    </div> <!-- wrapper -->
  </body>
</html>
