<?xml version="1.0" encoding="UTF-8"?>
<testng-results skipped="0" failed="2" total="16" passed="14">
  <reporter-output>
  </reporter-output>
  <suite name="Default suite" duration-ms="165082" started-at="2018-07-17T10:45:22Z" finished-at="2018-07-17T10:48:07Z">
    <groups>
    </groups>
    <test name="Test" duration-ms="165082" started-at="2018-07-17T10:45:22Z" finished-at="2018-07-17T10:48:07Z">
      <class name="com.cucumber.test.DemoQAFireFox">
        <test-method status="PASS" signature="firefox_browser_only_validation()[pri:0, instance:com.cucumber.test.DemoQAFireFox@5cb9f472]" name="firefox_browser_only_validation" duration-ms="70669" started-at="2018-07-17T16:15:22Z" finished-at="2018-07-17T16:16:33Z">
          <reporter-output>
          </reporter-output>
        </test-method> <!-- firefox_browser_only_validation -->
        <test-method status="PASS" signature="navigate_to_http_store_demoqa_com()[pri:0, instance:com.cucumber.test.DemoQAFireFox@5cb9f472]" name="navigate_to_http_store_demoqa_com" duration-ms="22809" started-at="2018-07-17T16:16:33Z" finished-at="2018-07-17T16:16:55Z">
          <reporter-output>
          </reporter-output>
        </test-method> <!-- navigate_to_http_store_demoqa_com -->
        <test-method status="PASS" signature="navigate_to_Product_category_and_select_Accessories()[pri:0, instance:com.cucumber.test.DemoQAFireFox@5cb9f472]" name="navigate_to_Product_category_and_select_Accessories" duration-ms="5990" started-at="2018-07-17T16:16:55Z" finished-at="2018-07-17T16:17:01Z">
          <reporter-output>
          </reporter-output>
        </test-method> <!-- navigate_to_Product_category_and_select_Accessories -->
        <test-method status="PASS" signature="click_on_Add_to_Cart_button_for_just_Magic_Mouse()[pri:0, instance:com.cucumber.test.DemoQAFireFox@5cb9f472]" name="click_on_Add_to_Cart_button_for_just_Magic_Mouse" duration-ms="17447" started-at="2018-07-17T16:17:01Z" finished-at="2018-07-17T16:17:19Z">
          <reporter-output>
          </reporter-output>
        </test-method> <!-- click_on_Add_to_Cart_button_for_just_Magic_Mouse -->
        <test-method status="PASS" signature="click_on_Checkout_link_and_confirm_you_have_Magic_Mouse_in_your_Check_Out_Page(int)[pri:0, instance:com.cucumber.test.DemoQAFireFox@5cb9f472]" name="click_on_Checkout_link_and_confirm_you_have_Magic_Mouse_in_your_Check_Out_Page" duration-ms="5375" started-at="2018-07-17T16:17:19Z" finished-at="2018-07-17T16:17:24Z">
          <params>
            <param index="0">
              <value>
                <![CDATA[1]]>
              </value>
            </param>
          </params>
          <reporter-output>
          </reporter-output>
        </test-method> <!-- click_on_Checkout_link_and_confirm_you_have_Magic_Mouse_in_your_Check_Out_Page -->
        <test-method status="FAIL" signature="after_confirming_click_on_Continue_button()[pri:0, instance:com.cucumber.test.DemoQAFireFox@5cb9f472]" name="after_confirming_click_on_Continue_button" duration-ms="20416" started-at="2018-07-17T16:17:24Z" finished-at="2018-07-17T16:17:45Z">
          <exception class="org.openqa.selenium.NoSuchElementException">
            <message>
              <![CDATA[Unable to locate element: .//*[@id='checkout_page_container']/div[1]/a/span
For documentation on this error, please visit: http://seleniumhq.org/exceptions/no_such_element.html
Build info: version: '3.8.1', revision: '6e95a6684b', time: '2017-12-01T18:33:54.468Z'
System info: host: 'NIRAV', ip: '192.168.0.102', os.name: 'Windows 8.1', os.arch: 'amd64', os.version: '6.3', java.version: '1.8.0_151'
Driver info: org.openqa.selenium.firefox.FirefoxDriver
Capabilities {acceptInsecureCerts: true, browserName: firefox, browserVersion: 61.0.1, javascriptEnabled: true, moz:accessibilityChecks: false, moz:headless: false, moz:processID: 4124, moz:profile: C:\Users\Nirav Panchal\AppD..., moz:useNonSpecCompliantPointerOrigin: false, moz:webdriverClick: true, pageLoadStrategy: normal, platform: XP, platformName: XP, platformVersion: 6.3, rotatable: false, timeouts: {implicit: 0, pageLoad: 300000, script: 30000}}
Session ID: 5379898c-96bd-4361-971e-3eb2975fc201
*** Element info: {Using=xpath, value=.//*[@id='checkout_page_container']/div[1]/a/span}]]>
            </message>
            <full-stacktrace>
              <![CDATA[org.openqa.selenium.NoSuchElementException: Unable to locate element: .//*[@id='checkout_page_container']/div[1]/a/span
For documentation on this error, please visit: http://seleniumhq.org/exceptions/no_such_element.html
Build info: version: '3.8.1', revision: '6e95a6684b', time: '2017-12-01T18:33:54.468Z'
System info: host: 'NIRAV', ip: '192.168.0.102', os.name: 'Windows 8.1', os.arch: 'amd64', os.version: '6.3', java.version: '1.8.0_151'
Driver info: org.openqa.selenium.firefox.FirefoxDriver
Capabilities {acceptInsecureCerts: true, browserName: firefox, browserVersion: 61.0.1, javascriptEnabled: true, moz:accessibilityChecks: false, moz:headless: false, moz:processID: 4124, moz:profile: C:\Users\Nirav Panchal\AppD..., moz:useNonSpecCompliantPointerOrigin: false, moz:webdriverClick: true, pageLoadStrategy: normal, platform: XP, platformName: XP, platformVersion: 6.3, rotatable: false, timeouts: {implicit: 0, pageLoad: 300000, script: 30000}}
Session ID: 5379898c-96bd-4361-971e-3eb2975fc201
*** Element info: {Using=xpath, value=.//*[@id='checkout_page_container']/div[1]/a/span}
	at sun.reflect.NativeConstructorAccessorImpl.newInstance0(Native Method)
	at sun.reflect.NativeConstructorAccessorImpl.newInstance(Unknown Source)
	at sun.reflect.DelegatingConstructorAccessorImpl.newInstance(Unknown Source)
	at java.lang.reflect.Constructor.newInstance(Unknown Source)
	at org.openqa.selenium.remote.http.W3CHttpResponseCodec.createException(W3CHttpResponseCodec.java:187)
	at org.openqa.selenium.remote.http.W3CHttpResponseCodec.decode(W3CHttpResponseCodec.java:122)
	at org.openqa.selenium.remote.http.W3CHttpResponseCodec.decode(W3CHttpResponseCodec.java:49)
	at org.openqa.selenium.remote.HttpCommandExecutor.execute(HttpCommandExecutor.java:164)
	at org.openqa.selenium.remote.service.DriverCommandExecutor.execute(DriverCommandExecutor.java:83)
	at org.openqa.selenium.remote.RemoteWebDriver.execute(RemoteWebDriver.java:601)
	at org.openqa.selenium.remote.RemoteWebDriver.findElement(RemoteWebDriver.java:371)
	at org.openqa.selenium.remote.RemoteWebDriver.findElementByXPath(RemoteWebDriver.java:473)
	at org.openqa.selenium.By$ByXPath.findElement(By.java:361)
	at org.openqa.selenium.remote.RemoteWebDriver.findElement(RemoteWebDriver.java:363)
	at com.cucumber.test.DemoQAFireFox.after_confirming_click_on_Continue_button(DemoQAFireFox.java:152)
	at sun.reflect.NativeMethodAccessorImpl.invoke0(Native Method)
	at sun.reflect.NativeMethodAccessorImpl.invoke(Unknown Source)
	at sun.reflect.DelegatingMethodAccessorImpl.invoke(Unknown Source)
	at java.lang.reflect.Method.invoke(Unknown Source)
	at org.testng.internal.MethodInvocationHelper.invokeMethod(MethodInvocationHelper.java:80)
	at org.testng.internal.Invoker.invokeMethod(Invoker.java:714)
	at org.testng.internal.Invoker.invokeTestMethod(Invoker.java:901)
	at org.testng.internal.Invoker.invokeTestMethods(Invoker.java:1231)
	at org.testng.internal.TestMethodWorker.invokeTestMethods(TestMethodWorker.java:127)
	at org.testng.internal.TestMethodWorker.run(TestMethodWorker.java:111)
	at java.util.concurrent.ThreadPoolExecutor.runWorker(Unknown Source)
	at java.util.concurrent.ThreadPoolExecutor$Worker.run(Unknown Source)
	at java.lang.Thread.run(Unknown Source)
]]>
            </full-stacktrace>
          </exception> <!-- org.openqa.selenium.NoSuchElementException -->
          <reporter-output>
          </reporter-output>
        </test-method> <!-- after_confirming_click_on_Continue_button -->
        <test-method status="FAIL" signature="enter_dummy_data_needed_for_email_billing_or_contact_details_and_click_Purchase()[pri:0, instance:com.cucumber.test.DemoQAFireFox@5cb9f472]" name="enter_dummy_data_needed_for_email_billing_or_contact_details_and_click_Purchase" duration-ms="20388" started-at="2018-07-17T16:17:45Z" finished-at="2018-07-17T16:18:05Z">
          <exception class="org.openqa.selenium.TimeoutException">
            <message>
              <![CDATA[Expected condition failed: waiting for element to be clickable: By.id: wpsc_checkout_form_2 (tried for 20 second(s) with 500 MILLISECONDS interval)]]>
            </message>
            <full-stacktrace>
              <![CDATA[org.openqa.selenium.TimeoutException: Expected condition failed: waiting for element to be clickable: By.id: wpsc_checkout_form_2 (tried for 20 second(s) with 500 MILLISECONDS interval)
	at org.openqa.selenium.support.ui.WebDriverWait.timeoutException(WebDriverWait.java:82)
	at org.openqa.selenium.support.ui.FluentWait.until(FluentWait.java:231)
	at com.cucumber.test.DemoQAFireFox.enter_dummy_data_needed_for_email_billing_or_contact_details_and_click_Purchase(DemoQAFireFox.java:179)
	at sun.reflect.NativeMethodAccessorImpl.invoke0(Native Method)
	at sun.reflect.NativeMethodAccessorImpl.invoke(Unknown Source)
	at sun.reflect.DelegatingMethodAccessorImpl.invoke(Unknown Source)
	at java.lang.reflect.Method.invoke(Unknown Source)
	at org.testng.internal.MethodInvocationHelper.invokeMethod(MethodInvocationHelper.java:80)
	at org.testng.internal.Invoker.invokeMethod(Invoker.java:714)
	at org.testng.internal.Invoker.invokeTestMethod(Invoker.java:901)
	at org.testng.internal.Invoker.invokeTestMethods(Invoker.java:1231)
	at org.testng.internal.TestMethodWorker.invokeTestMethods(TestMethodWorker.java:127)
	at org.testng.internal.TestMethodWorker.run(TestMethodWorker.java:111)
	at java.util.concurrent.ThreadPoolExecutor.runWorker(Unknown Source)
	at java.util.concurrent.ThreadPoolExecutor$Worker.run(Unknown Source)
	at java.lang.Thread.run(Unknown Source)
Caused by: org.openqa.selenium.NoSuchElementException: Cannot locate an element using By.id: wpsc_checkout_form_2
For documentation on this error, please visit: http://seleniumhq.org/exceptions/no_such_element.html
Build info: version: '3.8.1', revision: '6e95a6684b', time: '2017-12-01T18:33:54.468Z'
System info: host: 'NIRAV', ip: '192.168.0.102', os.name: 'Windows 8.1', os.arch: 'amd64', os.version: '6.3', java.version: '1.8.0_151'
Driver info: driver.version: unknown
	at org.openqa.selenium.support.ui.ExpectedConditions.lambda$findElement$0(ExpectedConditions.java:882)
	at java.util.Optional.orElseThrow(Unknown Source)
	at org.openqa.selenium.support.ui.ExpectedConditions.findElement(ExpectedConditions.java:881)
	at org.openqa.selenium.support.ui.ExpectedConditions.access$000(ExpectedConditions.java:43)
	at org.openqa.selenium.support.ui.ExpectedConditions$7.apply(ExpectedConditions.java:205)
	at org.openqa.selenium.support.ui.ExpectedConditions$7.apply(ExpectedConditions.java:201)
	at org.openqa.selenium.support.ui.ExpectedConditions$22.apply(ExpectedConditions.java:643)
	at org.openqa.selenium.support.ui.ExpectedConditions$22.apply(ExpectedConditions.java:640)
	at org.openqa.selenium.support.ui.FluentWait.until(FluentWait.java:208)
	... 14 more
]]>
            </full-stacktrace>
          </exception> <!-- org.openqa.selenium.TimeoutException -->
          <reporter-output>
          </reporter-output>
        </test-method> <!-- enter_dummy_data_needed_for_email_billing_or_contact_details_and_click_Purchase -->
        <test-method status="PASS" signature="confirm_that_you_have_placed_the_Order_in_Transaction_Result_page()[pri:0, instance:com.cucumber.test.DemoQAFireFox@5cb9f472]" name="confirm_that_you_have_placed_the_Order_in_Transaction_Result_page" duration-ms="1909" started-at="2018-07-17T16:18:05Z" finished-at="2018-07-17T16:18:07Z">
          <reporter-output>
          </reporter-output>
        </test-method> <!-- confirm_that_you_have_placed_the_Order_in_Transaction_Result_page -->
      </class> <!-- com.cucumber.test.DemoQAFireFox -->
      <class name="com.cucumber.test.DemoQAChrome">
        <test-method status="PASS" signature="chrome_only_validation()[pri:0, instance:com.cucumber.test.DemoQAChrome@2f686d1f]" name="chrome_only_validation" duration-ms="16434" started-at="2018-07-17T16:15:22Z" finished-at="2018-07-17T16:15:38Z">
          <reporter-output>
          </reporter-output>
        </test-method> <!-- chrome_only_validation -->
        <test-method status="PASS" signature="go_to_http_store_demoqa_com()[pri:0, instance:com.cucumber.test.DemoQAChrome@2f686d1f]" name="go_to_http_store_demoqa_com" duration-ms="23268" started-at="2018-07-17T16:15:38Z" finished-at="2018-07-17T16:16:02Z">
          <reporter-output>
          </reporter-output>
        </test-method> <!-- go_to_http_store_demoqa_com -->
        <test-method status="PASS" signature="go_to_Product_category_and_select_Accessories()[pri:0, instance:com.cucumber.test.DemoQAChrome@2f686d1f]" name="go_to_Product_category_and_select_Accessories" duration-ms="15888" started-at="2018-07-17T16:16:02Z" finished-at="2018-07-17T16:16:18Z">
          <reporter-output>
          </reporter-output>
        </test-method> <!-- go_to_Product_category_and_select_Accessories -->
        <test-method status="PASS" signature="click_on_Add_to_Cart_for_just_Magic_Mouse()[pri:0, instance:com.cucumber.test.DemoQAChrome@2f686d1f]" name="click_on_Add_to_Cart_for_just_Magic_Mouse" duration-ms="268" started-at="2018-07-17T16:16:18Z" finished-at="2018-07-17T16:16:18Z">
          <reporter-output>
          </reporter-output>
        </test-method> <!-- click_on_Add_to_Cart_for_just_Magic_Mouse -->
        <test-method status="PASS" signature="click_on_Checkout_and_confirm_you_have_Magic_Mouse_in_your_Check_Out_Page(int)[pri:0, instance:com.cucumber.test.DemoQAChrome@2f686d1f]" name="click_on_Checkout_and_confirm_you_have_Magic_Mouse_in_your_Check_Out_Page" duration-ms="18338" started-at="2018-07-17T16:16:18Z" finished-at="2018-07-17T16:16:36Z">
          <params>
            <param index="0">
              <value>
                <![CDATA[1]]>
              </value>
            </param>
          </params>
          <reporter-output>
          </reporter-output>
        </test-method> <!-- click_on_Checkout_and_confirm_you_have_Magic_Mouse_in_your_Check_Out_Page -->
        <test-method status="PASS" signature="after_confirming_click_on_Continue()[pri:0, instance:com.cucumber.test.DemoQAChrome@2f686d1f]" name="after_confirming_click_on_Continue" duration-ms="292" started-at="2018-07-17T16:16:36Z" finished-at="2018-07-17T16:16:36Z">
          <reporter-output>
          </reporter-output>
        </test-method> <!-- after_confirming_click_on_Continue -->
        <test-method status="PASS" signature="enter_test_data_needed_for_email_billing_or_contact_details_and_click_Purchase()[pri:0, instance:com.cucumber.test.DemoQAChrome@2f686d1f]" name="enter_test_data_needed_for_email_billing_or_contact_details_and_click_Purchase" duration-ms="82399" started-at="2018-07-17T16:16:36Z" finished-at="2018-07-17T16:17:59Z">
          <reporter-output>
          </reporter-output>
        </test-method> <!-- enter_test_data_needed_for_email_billing_or_contact_details_and_click_Purchase -->
        <test-method status="PASS" signature="confirm_that_you_have_placed_the_Order_in_Transaction_Results_page()[pri:0, instance:com.cucumber.test.DemoQAChrome@2f686d1f]" name="confirm_that_you_have_placed_the_Order_in_Transaction_Results_page" duration-ms="1604" started-at="2018-07-17T16:17:59Z" finished-at="2018-07-17T16:18:00Z">
          <reporter-output>
          </reporter-output>
        </test-method> <!-- confirm_that_you_have_placed_the_Order_in_Transaction_Results_page -->
      </class> <!-- com.cucumber.test.DemoQAChrome -->
    </test> <!-- Test -->
  </suite> <!-- Default suite -->
</testng-results>
